Could not find a suitable TLS CA certificate bundle, invalid path: C:\Users\ADMINI~1\AppData\Local\Temp\1\_MEI21482\certifi\cacert.pem
[Errno 2] No such file or directory: 'C:\\Users\\ADMINI~1\\AppData\\Local\\Temp\\1\\_MEI21482\\cloudscraper\\user_agent\\browsers.json'
Could not find a suitable TLS CA certificate bundle, invalid path: C:\Users\ADMINI~1\AppData\Local\Temp\1\_MEI21482\certifi\cacert.pem
[Errno 2] No such file or directory: 'C:\\Users\\ADMINI~1\\AppData\\Local\\Temp\\1\\_MEI21482\\cloudscraper\\user_agent\\browsers.json'
Could not find a suitable TLS CA certificate bundle, invalid path: C:\Users\ADMINI~1\AppData\Local\Temp\1\_MEI21482\certifi\cacert.pem
[Errno 2] No such file or directory: 'C:\\Users\\ADMINI~1\\AppData\\Local\\Temp\\1\\_MEI21482\\cloudscraper\\user_agent\\browsers.json'
Could not find a suitable TLS CA certificate bundle, invalid path: C:\Users\ADMINI~1\AppData\Local\Temp\1\_MEI21482\certifi\cacert.pem
[Errno 2] No such file or directory: 'C:\\Users\\ADMINI~1\\AppData\\Local\\Temp\\1\\_MEI21482\\cloudscraper\\user_agent\\browsers.json'
Could not find a suitable TLS CA certificate bundle, invalid path: C:\Users\ADMINI~1\AppData\Local\Temp\1\_MEI21482\certifi\cacert.pem
[Errno 2] No such file or directory: 'C:\\Users\\ADMINI~1\\AppData\\Local\\Temp\\1\\_MEI21482\\cloudscraper\\user_agent\\browsers.json'
Could not find a suitable TLS CA certificate bundle, invalid path: C:\Users\ADMINI~1\AppData\Local\Temp\1\_MEI21482\certifi\cacert.pem
[Errno 2] No such file or directory: 'C:\\Users\\ADMINI~1\\AppData\\Local\\Temp\\1\\_MEI21482\\cloudscraper\\user_agent\\browsers.json'
maximum recursion depth exceeded while calling a Python object
Could not find a suitable TLS CA certificate bundle, invalid path: C:\Users\ADMINI~1\AppData\Local\Temp\1\_MEI104442\certifi\cacert.pem
[Errno 2] No such file or directory: 'C:\\Users\\ADMINI~1\\AppData\\Local\\Temp\\1\\_MEI104442\\cloudscraper\\user_agent\\browsers.json'
Could not find a suitable TLS CA certificate bundle, invalid path: C:\Users\ADMINI~1\AppData\Local\Temp\1\_MEI104442\certifi\cacert.pem
[Errno 2] No such file or directory: 'C:\\Users\\ADMINI~1\\AppData\\Local\\Temp\\1\\_MEI104442\\cloudscraper\\user_agent\\browsers.json'
Could not find a suitable TLS CA certificate bundle, invalid path: C:\Users\ADMINI~1\AppData\Local\Temp\1\_MEI104442\certifi\cacert.pem
[Errno 2] No such file or directory: 'C:\\Users\\ADMINI~1\\AppData\\Local\\Temp\\1\\_MEI104442\\cloudscraper\\user_agent\\browsers.json'
Could not find a suitable TLS CA certificate bundle, invalid path: C:\Users\ADMINI~1\AppData\Local\Temp\1\_MEI104442\certifi\cacert.pem
[Errno 2] No such file or directory: 'C:\\Users\\ADMINI~1\\AppData\\Local\\Temp\\1\\_MEI104442\\cloudscraper\\user_agent\\browsers.json'
[Errno 2] No such file or directory: 'C:\\Users\\ADMINI~1\\AppData\\Local\\Temp\\1\\_MEI104442\\cloudscraper\\user_agent\\browsers.json'
Could not find a suitable TLS CA certificate bundle, invalid path: C:\Users\ADMINI~1\AppData\Local\Temp\1\_MEI104442\certifi\cacert.pem
[Errno 2] No such file or directory: 'C:\\Users\\ADMINI~1\\AppData\\Local\\Temp\\1\\_MEI104442\\cloudscraper\\user_agent\\browsers.json'
Could not find a suitable TLS CA certificate bundle, invalid path: C:\Users\ADMINI~1\AppData\Local\Temp\1\_MEI104442\certifi\cacert.pem
[Errno 2] No such file or directory: 'C:\\Users\\ADMINI~1\\AppData\\Local\\Temp\\1\\_MEI104442\\cloudscraper\\user_agent\\browsers.json'
Could not find a suitable TLS CA certificate bundle, invalid path: C:\Users\ADMINI~1\AppData\Local\Temp\1\_MEI104442\certifi\cacert.pem
[Errno 2] No such file or directory: 'C:\\Users\\ADMINI~1\\AppData\\Local\\Temp\\1\\_MEI104442\\cloudscraper\\user_agent\\browsers.json'
[Errno 2] No such file or directory: 'C:\\Users\\ADMINI~1\\AppData\\Local\\Temp\\1\\_MEI104442\\cloudscraper\\user_agent\\browsers.json'
[Errno 2] No such file or directory: 'C:\\Users\\ADMINI~1\\AppData\\Local\\Temp\\1\\_MEI104442\\cloudscraper\\user_agent\\browsers.json'
[Errno 2] No such file or directory: 'C:\\Users\\ADMINI~1\\AppData\\Local\\Temp\\1\\_MEI104442\\cloudscraper\\user_agent\\browsers.json'
[Errno 2] No such file or directory: 'C:\\Users\\ADMINI~1\\AppData\\Local\\Temp\\1\\_MEI104442\\cloudscraper\\user_agent\\browsers.json'
[Errno 2] No such file or directory: 'C:\\Users\\ADMINI~1\\AppData\\Local\\Temp\\1\\_MEI104442\\cloudscraper\\user_agent\\browsers.json'
[Errno 2] No such file or directory: 'C:\\Users\\ADMINI~1\\AppData\\Local\\Temp\\1\\_MEI104442\\cloudscraper\\user_agent\\browsers.json'
[Errno 2] No such file or directory: 'C:\\Users\\ADMINI~1\\AppData\\Local\\Temp\\1\\_MEI104442\\cloudscraper\\user_agent\\browsers.json'
[Errno 2] No such file or directory: 'C:\\Users\\ADMINI~1\\AppData\\Local\\Temp\\1\\_MEI104442\\cloudscraper\\user_agent\\browsers.json'
[Errno 2] No such file or directory: 'C:\\Users\\ADMINI~1\\AppData\\Local\\Temp\\1\\_MEI104442\\cloudscraper\\user_agent\\browsers.json'
HTTPSConnectionPool(host='api.capmonster.cloud', port=443): Max retries exceeded with url: /createTask (Caused by ProxyError('Cannot connect to proxy.', RemoteDisconnected('Remote end closed connection without response')))
HTTPSConnectionPool(host='api.capmonster.cloud', port=443): Max retries exceeded with url: /createTask (Caused by ProxyError('Cannot connect to proxy.', RemoteDisconnected('Remote end closed connection without response')))
HTTPSConnectionPool(host='api.capmonster.cloud', port=443): Max retries exceeded with url: /createTask (Caused by ProxyError('Cannot connect to proxy.', RemoteDisconnected('Remote end closed connection without response')))
HTTPSConnectionPool(host='api.capmonster.cloud', port=443): Max retries exceeded with url: /createTask (Caused by ProxyError('Cannot connect to proxy.', RemoteDisconnected('Remote end closed connection without response')))
HTTPSConnectionPool(host='api.capmonster.cloud', port=443): Max retries exceeded with url: /createTask (Caused by ProxyError('Cannot connect to proxy.', RemoteDisconnected('Remote end closed connection without response')))
HTTPSConnectionPool(host='api.capmonster.cloud', port=443): Max retries exceeded with url: /createTask (Caused by ProxyError('Cannot connect to proxy.', RemoteDisconnected('Remote end closed connection without response')))
HTTPSConnectionPool(host='api.capmonster.cloud', port=443): Max retries exceeded with url: /createTask (Caused by ProxyError('Cannot connect to proxy.', RemoteDisconnected('Remote end closed connection without response')))
[Errno 2] No such file or directory: 'C:\\Users\\ADMINI~1\\AppData\\Local\\Temp\\1\\_MEI107562\\cloudscraper\\user_agent\\browsers.json'
[Errno 2] No such file or directory: 'C:\\Users\\ADMINI~1\\AppData\\Local\\Temp\\1\\_MEI107562\\cloudscraper\\user_agent\\browsers.json'
[Errno 2] No such file or directory: 'C:\\Users\\ADMINI~1\\AppData\\Local\\Temp\\1\\_MEI107562\\cloudscraper\\user_agent\\browsers.json'
[Errno 2] No such file or directory: 'C:\\Users\\ADMINI~1\\AppData\\Local\\Temp\\1\\_MEI107562\\cloudscraper\\user_agent\\browsers.json'
[Errno 2] No such file or directory: 'C:\\Users\\ADMINI~1\\AppData\\Local\\Temp\\1\\_MEI107562\\cloudscraper\\user_agent\\browsers.json'
[Errno 2] No such file or directory: 'C:\\Users\\ADMINI~1\\AppData\\Local\\Temp\\1\\_MEI107562\\cloudscraper\\user_agent\\browsers.json'
[Errno 2] No such file or directory: 'C:\\Users\\ADMINI~1\\AppData\\Local\\Temp\\1\\_MEI107562\\cloudscraper\\user_agent\\browsers.json'
[Errno 2] No such file or directory: 'C:\\Users\\ADMINI~1\\AppData\\Local\\Temp\\1\\_MEI107562\\cloudscraper\\user_agent\\browsers.json'
[Errno 2] No such file or directory: 'C:\\Users\\ADMINI~1\\AppData\\Local\\Temp\\1\\_MEI107562\\cloudscraper\\user_agent\\browsers.json'
[Errno 2] No such file or directory: 'C:\\Users\\ADMINI~1\\AppData\\Local\\Temp\\1\\_MEI107562\\cloudscraper\\user_agent\\browsers.json'
[Errno 2] No such file or directory: 'C:\\Users\\ADMINI~1\\AppData\\Local\\Temp\\1\\_MEI107562\\cloudscraper\\user_agent\\browsers.json'
[Errno 2] No such file or directory: 'C:\\Users\\ADMINI~1\\AppData\\Local\\Temp\\1\\_MEI107562\\cloudscraper\\user_agent\\browsers.json'
[Errno 2] No such file or directory: 'C:\\Users\\ADMINI~1\\AppData\\Local\\Temp\\1\\_MEI107562\\cloudscraper\\user_agent\\browsers.json'
[Errno 2] No such file or directory: 'C:\\Users\\ADMINI~1\\AppData\\Local\\Temp\\1\\_MEI107562\\cloudscraper\\user_agent\\browsers.json'
[Errno 2] No such file or directory: 'C:\\Users\\ADMINI~1\\AppData\\Local\\Temp\\1\\_MEI107562\\cloudscraper\\user_agent\\browsers.json'
[Errno 2] No such file or directory: 'C:\\Users\\ADMINI~1\\AppData\\Local\\Temp\\1\\_MEI107562\\cloudscraper\\user_agent\\browsers.json'
[Errno 2] No such file or directory: 'C:\\Users\\ADMINI~1\\AppData\\Local\\Temp\\1\\_MEI107562\\cloudscraper\\user_agent\\browsers.json'
[Errno 2] No such file or directory: 'C:\\Users\\ADMINI~1\\AppData\\Local\\Temp\\1\\_MEI107562\\cloudscraper\\user_agent\\browsers.json'
Could not find a suitable TLS CA certificate bundle, invalid path: C:\Users\ADMINI~1\AppData\Local\Temp\1\_MEI81242\certifi\cacert.pem
[Errno 2] No such file or directory: 'C:\\Users\\ADMINI~1\\AppData\\Local\\Temp\\1\\_MEI81242\\cloudscraper\\user_agent\\browsers.json'
Could not find a suitable TLS CA certificate bundle, invalid path: C:\Users\ADMINI~1\AppData\Local\Temp\1\_MEI81242\certifi\cacert.pem
[Errno 2] No such file or directory: 'C:\\Users\\ADMINI~1\\AppData\\Local\\Temp\\1\\_MEI81242\\cloudscraper\\user_agent\\browsers.json'
Could not find a suitable TLS CA certificate bundle, invalid path: C:\Users\ADMINI~1\AppData\Local\Temp\1\_MEI81242\certifi\cacert.pem
Could not find a suitable TLS CA certificate bundle, invalid path: C:\Users\ADMINI~1\AppData\Local\Temp\1\_MEI81242\certifi\cacert.pem
[Errno 2] No such file or directory: 'C:\\Users\\ADMINI~1\\AppData\\Local\\Temp\\1\\_MEI81242\\cloudscraper\\user_agent\\browsers.json'
[Errno 2] No such file or directory: 'C:\\Users\\ADMINI~1\\AppData\\Local\\Temp\\1\\_MEI81242\\cloudscraper\\user_agent\\browsers.json'
Could not find a suitable TLS CA certificate bundle, invalid path: C:\Users\ADMINI~1\AppData\Local\Temp\1\_MEI81242\certifi\cacert.pem
Could not find a suitable TLS CA certificate bundle, invalid path: C:\Users\ADMINI~1\AppData\Local\Temp\1\_MEI81242\certifi\cacert.pem
[Errno 2] No such file or directory: 'C:\\Users\\ADMINI~1\\AppData\\Local\\Temp\\1\\_MEI81242\\cloudscraper\\user_agent\\browsers.json'
[Errno 2] No such file or directory: 'C:\\Users\\ADMINI~1\\AppData\\Local\\Temp\\1\\_MEI81242\\cloudscraper\\user_agent\\browsers.json'
Could not find a suitable TLS CA certificate bundle, invalid path: C:\Users\ADMINI~1\AppData\Local\Temp\1\_MEI81242\certifi\cacert.pem
[Errno 2] No such file or directory: 'C:\\Users\\ADMINI~1\\AppData\\Local\\Temp\\1\\_MEI81242\\cloudscraper\\user_agent\\browsers.json'
[Errno 2] No such file or directory: 'C:\\Users\\ADMINI~1\\AppData\\Local\\Temp\\1\\_MEI81242\\cloudscraper\\user_agent\\browsers.json'
[Errno 2] No such file or directory: 'C:\\Users\\ADMINI~1\\AppData\\Local\\Temp\\1\\_MEI81242\\cloudscraper\\user_agent\\browsers.json'
[Errno 2] No such file or directory: 'C:\\Users\\ADMINI~1\\AppData\\Local\\Temp\\1\\_MEI81242\\cloudscraper\\user_agent\\browsers.json'
[Errno 2] No such file or directory: 'C:\\Users\\ADMINI~1\\AppData\\Local\\Temp\\1\\_MEI81242\\cloudscraper\\user_agent\\browsers.json'
[Errno 2] No such file or directory: 'C:\\Users\\ADMINI~1\\AppData\\Local\\Temp\\1\\_MEI81242\\cloudscraper\\user_agent\\browsers.json'
[Errno 2] No such file or directory: 'C:\\Users\\ADMINI~1\\AppData\\Local\\Temp\\1\\_MEI81242\\cloudscraper\\user_agent\\browsers.json'
[Errno 2] No such file or directory: 'C:\\Users\\ADMINI~1\\AppData\\Local\\Temp\\1\\_MEI81242\\cloudscraper\\user_agent\\browsers.json'
[Errno 2] No such file or directory: 'C:\\Users\\ADMINI~1\\AppData\\Local\\Temp\\1\\_MEI81242\\cloudscraper\\user_agent\\browsers.json'
[Errno 2] No such file or directory: 'C:\\Users\\ADMINI~1\\AppData\\Local\\Temp\\1\\_MEI81242\\cloudscraper\\user_agent\\browsers.json'
[Errno 2] No such file or directory: 'C:\\Users\\ADMINI~1\\AppData\\Local\\Temp\\1\\_MEI81242\\cloudscraper\\user_agent\\browsers.json'
[Errno 2] No such file or directory: 'C:\\Users\\ADMINI~1\\AppData\\Local\\Temp\\1\\_MEI81242\\cloudscraper\\user_agent\\browsers.json'
[Errno 2] No such file or directory: 'C:\\Users\\ADMINI~1\\AppData\\Local\\Temp\\1\\_MEI81242\\cloudscraper\\user_agent\\browsers.json'
[Errno 2] No such file or directory: 'C:\\Users\\ADMINI~1\\AppData\\Local\\Temp\\1\\_MEI81242\\cloudscraper\\user_agent\\browsers.json'
[Errno 2] No such file or directory: 'C:\\Users\\ADMINI~1\\AppData\\Local\\Temp\\1\\_MEI81242\\cloudscraper\\user_agent\\browsers.json'
[Errno 2] No such file or directory: 'C:\\Users\\ADMINI~1\\AppData\\Local\\Temp\\1\\_MEI81242\\cloudscraper\\user_agent\\browsers.json'
[Errno 2] No such file or directory: 'C:\\Users\\ADMINI~1\\AppData\\Local\\Temp\\1\\_MEI81242\\cloudscraper\\user_agent\\browsers.json'
[Errno 2] No such file or directory: 'C:\\Users\\ADMINI~1\\AppData\\Local\\Temp\\1\\_MEI81242\\cloudscraper\\user_agent\\browsers.json'
[Errno 2] No such file or directory: 'C:\\Users\\ADMINI~1\\AppData\\Local\\Temp\\1\\_MEI81242\\cloudscraper\\user_agent\\browsers.json'
[Errno 2] No such file or directory: 'C:\\Users\\ADMINI~1\\AppData\\Local\\Temp\\1\\_MEI81242\\cloudscraper\\user_agent\\browsers.json'
Could not find a suitable TLS CA certificate bundle, invalid path: C:\Users\ADMINI~1\AppData\Local\Temp\1\_MEI81242\certifi\cacert.pem
[Errno 2] No such file or directory: 'C:\\Users\\ADMINI~1\\AppData\\Local\\Temp\\1\\_MEI81242\\cloudscraper\\user_agent\\browsers.json'
[Errno 2] No such file or directory: 'C:\\Users\\ADMINI~1\\AppData\\Local\\Temp\\1\\_MEI81242\\cloudscraper\\user_agent\\browsers.json'
[Errno 2] No such file or directory: 'C:\\Users\\ADMINI~1\\AppData\\Local\\Temp\\1\\_MEI81242\\cloudscraper\\user_agent\\browsers.json'
[Errno 2] No such file or directory: 'C:\\Users\\ADMINI~1\\AppData\\Local\\Temp\\1\\_MEI81242\\cloudscraper\\user_agent\\browsers.json'
[Errno 2] No such file or directory: 'C:\\Users\\ADMINI~1\\AppData\\Local\\Temp\\1\\_MEI81242\\cloudscraper\\user_agent\\browsers.json'
[Errno 2] No such file or directory: 'C:\\Users\\ADMINI~1\\AppData\\Local\\Temp\\1\\_MEI81242\\cloudscraper\\user_agent\\browsers.json'
[Errno 2] No such file or directory: 'C:\\Users\\ADMINI~1\\AppData\\Local\\Temp\\1\\_MEI81242\\cloudscraper\\user_agent\\browsers.json'
[Errno 2] No such file or directory: 'C:\\Users\\ADMINI~1\\AppData\\Local\\Temp\\1\\_MEI81242\\cloudscraper\\user_agent\\browsers.json'
[Errno 2] No such file or directory: 'C:\\Users\\ADMINI~1\\AppData\\Local\\Temp\\1\\_MEI81242\\cloudscraper\\user_agent\\browsers.json'
[Errno 2] No such file or directory: 'C:\\Users\\ADMINI~1\\AppData\\Local\\Temp\\1\\_MEI81242\\cloudscraper\\user_agent\\browsers.json'
[Errno 2] No such file or directory: 'C:\\Users\\ADMINI~1\\AppData\\Local\\Temp\\1\\_MEI81242\\cloudscraper\\user_agent\\browsers.json'
[Errno 2] No such file or directory: 'C:\\Users\\ADMINI~1\\AppData\\Local\\Temp\\1\\_MEI81242\\cloudscraper\\user_agent\\browsers.json'
[Errno 2] No such file or directory: 'C:\\Users\\ADMINI~1\\AppData\\Local\\Temp\\1\\_MEI81242\\cloudscraper\\user_agent\\browsers.json'
[Errno 2] No such file or directory: 'C:\\Users\\ADMINI~1\\AppData\\Local\\Temp\\1\\_MEI81242\\cloudscraper\\user_agent\\browsers.json'
[Errno 2] No such file or directory: 'C:\\Users\\ADMINI~1\\AppData\\Local\\Temp\\1\\_MEI81242\\cloudscraper\\user_agent\\browsers.json'
[Errno 2] No such file or directory: 'C:\\Users\\ADMINI~1\\AppData\\Local\\Temp\\1\\_MEI81242\\cloudscraper\\user_agent\\browsers.json'
[Errno 2] No such file or directory: 'C:\\Users\\ADMINI~1\\AppData\\Local\\Temp\\1\\_MEI81242\\cloudscraper\\user_agent\\browsers.json'
[Errno 2] No such file or directory: 'C:\\Users\\ADMINI~1\\AppData\\Local\\Temp\\1\\_MEI81242\\cloudscraper\\user_agent\\browsers.json'
[Errno 2] No such file or directory: 'C:\\Users\\ADMINI~1\\AppData\\Local\\Temp\\1\\_MEI81242\\cloudscraper\\user_agent\\browsers.json'
[Errno 2] No such file or directory: 'C:\\Users\\ADMINI~1\\AppData\\Local\\Temp\\1\\_MEI81242\\cloudscraper\\user_agent\\browsers.json'
[Errno 2] No such file or directory: 'C:\\Users\\ADMINI~1\\AppData\\Local\\Temp\\1\\_MEI112922\\cloudscraper\\user_agent\\browsers.json'
[Errno 2] No such file or directory: 'C:\\Users\\ADMINI~1\\AppData\\Local\\Temp\\1\\_MEI112922\\cloudscraper\\user_agent\\browsers.json'
[Errno 2] No such file or directory: 'C:\\Users\\ADMINI~1\\AppData\\Local\\Temp\\1\\_MEI112922\\cloudscraper\\user_agent\\browsers.json'
[Errno 2] No such file or directory: 'C:\\Users\\ADMINI~1\\AppData\\Local\\Temp\\1\\_MEI112922\\cloudscraper\\user_agent\\browsers.json'
[Errno 2] No such file or directory: 'C:\\Users\\ADMINI~1\\AppData\\Local\\Temp\\1\\_MEI112922\\cloudscraper\\user_agent\\browsers.json'
[Errno 2] No such file or directory: 'C:\\Users\\ADMINI~1\\AppData\\Local\\Temp\\1\\_MEI112922\\cloudscraper\\user_agent\\browsers.json'
[Errno 2] No such file or directory: 'C:\\Users\\ADMINI~1\\AppData\\Local\\Temp\\1\\_MEI112922\\cloudscraper\\user_agent\\browsers.json'
[Errno 2] No such file or directory: 'C:\\Users\\ADMINI~1\\AppData\\Local\\Temp\\1\\_MEI112922\\cloudscraper\\user_agent\\browsers.json'
Could not find a suitable TLS CA certificate bundle, invalid path: C:\Users\ADMINI~1\AppData\Local\Temp\1\_MEI112922\certifi\cacert.pem
[Errno 2] No such file or directory: 'C:\\Users\\ADMINI~1\\AppData\\Local\\Temp\\1\\_MEI112922\\cloudscraper\\user_agent\\browsers.json'
[Errno 2] No such file or directory: 'C:\\Users\\ADMINI~1\\AppData\\Local\\Temp\\1\\_MEI112922\\cloudscraper\\user_agent\\browsers.json'
[Errno 2] No such file or directory: 'C:\\Users\\ADMINI~1\\AppData\\Local\\Temp\\1\\_MEI112922\\cloudscraper\\user_agent\\browsers.json'
[Errno 2] No such file or directory: 'C:\\Users\\ADMINI~1\\AppData\\Local\\Temp\\1\\_MEI112922\\cloudscraper\\user_agent\\browsers.json'
[Errno 2] No such file or directory: 'C:\\Users\\ADMINI~1\\AppData\\Local\\Temp\\1\\_MEI112922\\cloudscraper\\user_agent\\browsers.json'
[Errno 2] No such file or directory: 'C:\\Users\\ADMINI~1\\AppData\\Local\\Temp\\1\\_MEI112922\\cloudscraper\\user_agent\\browsers.json'
[Errno 2] No such file or directory: 'C:\\Users\\ADMINI~1\\AppData\\Local\\Temp\\1\\_MEI112922\\cloudscraper\\user_agent\\browsers.json'
[Errno 2] No such file or directory: 'C:\\Users\\ADMINI~1\\AppData\\Local\\Temp\\1\\_MEI112922\\cloudscraper\\user_agent\\browsers.json'
[Errno 2] No such file or directory: 'C:\\Users\\ADMINI~1\\AppData\\Local\\Temp\\1\\_MEI112922\\cloudscraper\\user_agent\\browsers.json'
[Errno 2] No such file or directory: 'C:\\Users\\ADMINI~1\\AppData\\Local\\Temp\\1\\_MEI112922\\cloudscraper\\user_agent\\browsers.json'
[Errno 2] No such file or directory: 'C:\\Users\\ADMINI~1\\AppData\\Local\\Temp\\1\\_MEI112922\\cloudscraper\\user_agent\\browsers.json'
[Errno 2] No such file or directory: 'C:\\Users\\ADMINI~1\\AppData\\Local\\Temp\\1\\_MEI112922\\cloudscraper\\user_agent\\browsers.json'
[Errno 2] No such file or directory: 'C:\\Users\\ADMINI~1\\AppData\\Local\\Temp\\1\\_MEI112922\\cloudscraper\\user_agent\\browsers.json'
[Errno 2] No such file or directory: 'C:\\Users\\ADMINI~1\\AppData\\Local\\Temp\\1\\_MEI112922\\cloudscraper\\user_agent\\browsers.json'
[Errno 2] No such file or directory: 'C:\\Users\\ADMINI~1\\AppData\\Local\\Temp\\1\\_MEI112922\\cloudscraper\\user_agent\\browsers.json'
[Errno 2] No such file or directory: 'C:\\Users\\ADMINI~1\\AppData\\Local\\Temp\\1\\_MEI112922\\cloudscraper\\user_agent\\browsers.json'
[Errno 2] No such file or directory: 'C:\\Users\\ADMINI~1\\AppData\\Local\\Temp\\1\\_MEI112922\\cloudscraper\\user_agent\\browsers.json'
[Errno 2] No such file or directory: 'C:\\Users\\ADMINI~1\\AppData\\Local\\Temp\\1\\_MEI112922\\cloudscraper\\user_agent\\browsers.json'
[Errno 2] No such file or directory: 'C:\\Users\\ADMINI~1\\AppData\\Local\\Temp\\1\\_MEI112922\\cloudscraper\\user_agent\\browsers.json'
[Errno 2] No such file or directory: 'C:\\Users\\ADMINI~1\\AppData\\Local\\Temp\\1\\_MEI112922\\cloudscraper\\user_agent\\browsers.json'
[Errno 2] No such file or directory: 'C:\\Users\\ADMINI~1\\AppData\\Local\\Temp\\1\\_MEI112922\\cloudscraper\\user_agent\\browsers.json'
[Errno 2] No such file or directory: 'C:\\Users\\ADMINI~1\\AppData\\Local\\Temp\\1\\_MEI112922\\cloudscraper\\user_agent\\browsers.json'
[Errno 2] No such file or directory: 'C:\\Users\\ADMINI~1\\AppData\\Local\\Temp\\1\\_MEI112922\\cloudscraper\\user_agent\\browsers.json'
[Errno 2] No such file or directory: 'C:\\Users\\ADMINI~1\\AppData\\Local\\Temp\\1\\_MEI112922\\cloudscraper\\user_agent\\browsers.json'
[Errno 2] No such file or directory: 'C:\\Users\\ADMINI~1\\AppData\\Local\\Temp\\1\\_MEI112922\\cloudscraper\\user_agent\\browsers.json'
[Errno 2] No such file or directory: 'C:\\Users\\ADMINI~1\\AppData\\Local\\Temp\\1\\_MEI112922\\cloudscraper\\user_agent\\browsers.json'
[Errno 2] No such file or directory: 'C:\\Users\\ADMINI~1\\AppData\\Local\\Temp\\1\\_MEI112922\\cloudscraper\\user_agent\\browsers.json'
[Errno 2] No such file or directory: 'C:\\Users\\ADMINI~1\\AppData\\Local\\Temp\\1\\_MEI112922\\cloudscraper\\user_agent\\browsers.json'
[Errno 2] No such file or directory: 'C:\\Users\\ADMINI~1\\AppData\\Local\\Temp\\1\\_MEI112922\\cloudscraper\\user_agent\\browsers.json'
[Errno 2] No such file or directory: 'C:\\Users\\ADMINI~1\\AppData\\Local\\Temp\\1\\_MEI112922\\cloudscraper\\user_agent\\browsers.json'
[Errno 2] No such file or directory: 'C:\\Users\\ADMINI~1\\AppData\\Local\\Temp\\1\\_MEI112922\\cloudscraper\\user_agent\\browsers.json'
[Errno 2] No such file or directory: 'C:\\Users\\ADMINI~1\\AppData\\Local\\Temp\\1\\_MEI112922\\cloudscraper\\user_agent\\browsers.json'
[Errno 2] No such file or directory: 'C:\\Users\\ADMINI~1\\AppData\\Local\\Temp\\1\\_MEI112922\\cloudscraper\\user_agent\\browsers.json'
[Errno 2] No such file or directory: 'C:\\Users\\ADMINI~1\\AppData\\Local\\Temp\\1\\_MEI112922\\cloudscraper\\user_agent\\browsers.json'
[Errno 2] No such file or directory: 'C:\\Users\\ADMINI~1\\AppData\\Local\\Temp\\1\\_MEI112922\\cloudscraper\\user_agent\\browsers.json'
[Errno 2] No such file or directory: 'C:\\Users\\ADMINI~1\\AppData\\Local\\Temp\\1\\_MEI112922\\cloudscraper\\user_agent\\browsers.json'
[Errno 2] No such file or directory: 'C:\\Users\\ADMINI~1\\AppData\\Local\\Temp\\1\\_MEI112922\\cloudscraper\\user_agent\\browsers.json'
[Errno 2] No such file or directory: 'C:\\Users\\ADMINI~1\\AppData\\Local\\Temp\\1\\_MEI112922\\cloudscraper\\user_agent\\browsers.json'
[Errno 2] No such file or directory: 'C:\\Users\\ADMINI~1\\AppData\\Local\\Temp\\1\\_MEI112922\\cloudscraper\\user_agent\\browsers.json'
[Errno 2] No such file or directory: 'C:\\Users\\ADMINI~1\\AppData\\Local\\Temp\\1\\_MEI112922\\cloudscraper\\user_agent\\browsers.json'
[Errno 2] No such file or directory: 'C:\\Users\\ADMINI~1\\AppData\\Local\\Temp\\1\\_MEI112922\\cloudscraper\\user_agent\\browsers.json'
[Errno 2] No such file or directory: 'C:\\Users\\ADMINI~1\\AppData\\Local\\Temp\\1\\_MEI112922\\cloudscraper\\user_agent\\browsers.json'
[Errno 2] No such file or directory: 'C:\\Users\\ADMINI~1\\AppData\\Local\\Temp\\1\\_MEI112922\\cloudscraper\\user_agent\\browsers.json'
[Errno 2] No such file or directory: 'C:\\Users\\ADMINI~1\\AppData\\Local\\Temp\\1\\_MEI112922\\cloudscraper\\user_agent\\browsers.json'
[Errno 2] No such file or directory: 'C:\\Users\\ADMINI~1\\AppData\\Local\\Temp\\1\\_MEI112922\\cloudscraper\\user_agent\\browsers.json'
[Errno 2] No such file or directory: 'C:\\Users\\ADMINI~1\\AppData\\Local\\Temp\\1\\_MEI112922\\cloudscraper\\user_agent\\browsers.json'
[Errno 2] No such file or directory: 'C:\\Users\\ADMINI~1\\AppData\\Local\\Temp\\1\\_MEI112922\\cloudscraper\\user_agent\\browsers.json'
[Errno 2] No such file or directory: 'C:\\Users\\ADMINI~1\\AppData\\Local\\Temp\\1\\_MEI112922\\cloudscraper\\user_agent\\browsers.json'
[Errno 2] No such file or directory: 'C:\\Users\\ADMINI~1\\AppData\\Local\\Temp\\1\\_MEI112922\\cloudscraper\\user_agent\\browsers.json'
[Errno 2] No such file or directory: 'C:\\Users\\ADMINI~1\\AppData\\Local\\Temp\\1\\_MEI112922\\cloudscraper\\user_agent\\browsers.json'
[Errno 2] No such file or directory: 'C:\\Users\\ADMINI~1\\AppData\\Local\\Temp\\1\\_MEI112922\\cloudscraper\\user_agent\\browsers.json'
[Errno 2] No such file or directory: 'C:\\Users\\ADMINI~1\\AppData\\Local\\Temp\\1\\_MEI112922\\cloudscraper\\user_agent\\browsers.json'
[Errno 2] No such file or directory: 'C:\\Users\\ADMINI~1\\AppData\\Local\\Temp\\1\\_MEI112922\\cloudscraper\\user_agent\\browsers.json'
[Errno 2] No such file or directory: 'C:\\Users\\ADMINI~1\\AppData\\Local\\Temp\\1\\_MEI112922\\cloudscraper\\user_agent\\browsers.json'
[Errno 2] No such file or directory: 'C:\\Users\\ADMINI~1\\AppData\\Local\\Temp\\1\\_MEI112922\\cloudscraper\\user_agent\\browsers.json'
[Errno 2] No such file or directory: 'C:\\Users\\ADMINI~1\\AppData\\Local\\Temp\\1\\_MEI112922\\cloudscraper\\user_agent\\browsers.json'
[Errno 2] No such file or directory: 'C:\\Users\\ADMINI~1\\AppData\\Local\\Temp\\1\\_MEI112922\\cloudscraper\\user_agent\\browsers.json'
[Errno 2] No such file or directory: 'C:\\Users\\ADMINI~1\\AppData\\Local\\Temp\\1\\_MEI112922\\cloudscraper\\user_agent\\browsers.json'
[Errno 2] No such file or directory: 'C:\\Users\\ADMINI~1\\AppData\\Local\\Temp\\1\\_MEI112922\\cloudscraper\\user_agent\\browsers.json'
[Errno 2] No such file or directory: 'C:\\Users\\ADMINI~1\\AppData\\Local\\Temp\\1\\_MEI112922\\cloudscraper\\user_agent\\browsers.json'
[Errno 2] No such file or directory: 'C:\\Users\\ADMINI~1\\AppData\\Local\\Temp\\1\\_MEI112922\\cloudscraper\\user_agent\\browsers.json'
[Errno 2] No such file or directory: 'C:\\Users\\ADMINI~1\\AppData\\Local\\Temp\\1\\_MEI112922\\cloudscraper\\user_agent\\browsers.json'
[Errno 2] No such file or directory: 'C:\\Users\\ADMINI~1\\AppData\\Local\\Temp\\1\\_MEI112922\\cloudscraper\\user_agent\\browsers.json'
[Errno 2] No such file or directory: 'C:\\Users\\ADMINI~1\\AppData\\Local\\Temp\\1\\_MEI112922\\cloudscraper\\user_agent\\browsers.json'
[Errno 2] No such file or directory: 'C:\\Users\\ADMINI~1\\AppData\\Local\\Temp\\1\\_MEI112922\\cloudscraper\\user_agent\\browsers.json'
[Errno 2] No such file or directory: 'C:\\Users\\ADMINI~1\\AppData\\Local\\Temp\\1\\_MEI112922\\cloudscraper\\user_agent\\browsers.json'
[Errno 2] No such file or directory: 'C:\\Users\\ADMINI~1\\AppData\\Local\\Temp\\1\\_MEI112922\\cloudscraper\\user_agent\\browsers.json'
[Errno 2] No such file or directory: 'C:\\Users\\ADMINI~1\\AppData\\Local\\Temp\\1\\_MEI112922\\cloudscraper\\user_agent\\browsers.json'
[Errno 2] No such file or directory: 'C:\\Users\\ADMINI~1\\AppData\\Local\\Temp\\1\\_MEI112922\\cloudscraper\\user_agent\\browsers.json'
Could not find a suitable TLS CA certificate bundle, invalid path: C:\Users\ADMINI~1\AppData\Local\Temp\1\_MEI18162\certifi\cacert.pem
[Errno 2] No such file or directory: 'C:\\Users\\ADMINI~1\\AppData\\Local\\Temp\\1\\_MEI18162\\cloudscraper\\user_agent\\browsers.json'
[Errno 2] No such file or directory: 'C:\\Users\\ADMINI~1\\AppData\\Local\\Temp\\1\\_MEI18162\\cloudscraper\\user_agent\\browsers.json'
[Errno 2] No such file or directory: 'C:\\Users\\ADMINI~1\\AppData\\Local\\Temp\\1\\_MEI18162\\cloudscraper\\user_agent\\browsers.json'
[Errno 2] No such file or directory: 'C:\\Users\\ADMINI~1\\AppData\\Local\\Temp\\1\\_MEI18162\\cloudscraper\\user_agent\\browsers.json'
[Errno 2] No such file or directory: 'C:\\Users\\ADMINI~1\\AppData\\Local\\Temp\\1\\_MEI18162\\cloudscraper\\user_agent\\browsers.json'
[Errno 2] No such file or directory: 'C:\\Users\\ADMINI~1\\AppData\\Local\\Temp\\1\\_MEI18162\\cloudscraper\\user_agent\\browsers.json'
Could not find a suitable TLS CA certificate bundle, invalid path: C:\Users\ADMINI~1\AppData\Local\Temp\1\_MEI18162\certifi\cacert.pem
[Errno 2] No such file or directory: 'C:\\Users\\ADMINI~1\\AppData\\Local\\Temp\\1\\_MEI18162\\cloudscraper\\user_agent\\browsers.json'
[Errno 2] No such file or directory: 'C:\\Users\\ADMINI~1\\AppData\\Local\\Temp\\1\\_MEI18162\\cloudscraper\\user_agent\\browsers.json'
[Errno 2] No such file or directory: 'C:\\Users\\ADMINI~1\\AppData\\Local\\Temp\\1\\_MEI18162\\cloudscraper\\user_agent\\browsers.json'
[Errno 2] No such file or directory: 'C:\\Users\\ADMINI~1\\AppData\\Local\\Temp\\1\\_MEI18162\\cloudscraper\\user_agent\\browsers.json'
[Errno 2] No such file or directory: 'C:\\Users\\ADMINI~1\\AppData\\Local\\Temp\\1\\_MEI18162\\cloudscraper\\user_agent\\browsers.json'
[Errno 2] No such file or directory: 'C:\\Users\\ADMINI~1\\AppData\\Local\\Temp\\1\\_MEI18162\\cloudscraper\\user_agent\\browsers.json'
[Errno 2] No such file or directory: 'C:\\Users\\ADMINI~1\\AppData\\Local\\Temp\\1\\_MEI18162\\cloudscraper\\user_agent\\browsers.json'
[Errno 2] No such file or directory: 'C:\\Users\\ADMINI~1\\AppData\\Local\\Temp\\1\\_MEI18162\\cloudscraper\\user_agent\\browsers.json'
[Errno 2] No such file or directory: 'C:\\Users\\ADMINI~1\\AppData\\Local\\Temp\\1\\_MEI18162\\cloudscraper\\user_agent\\browsers.json'
[Errno 2] No such file or directory: 'C:\\Users\\ADMINI~1\\AppData\\Local\\Temp\\1\\_MEI18162\\cloudscraper\\user_agent\\browsers.json'
[Errno 2] No such file or directory: 'C:\\Users\\ADMINI~1\\AppData\\Local\\Temp\\1\\_MEI18162\\cloudscraper\\user_agent\\browsers.json'
[Errno 2] No such file or directory: 'C:\\Users\\ADMINI~1\\AppData\\Local\\Temp\\1\\_MEI18162\\cloudscraper\\user_agent\\browsers.json'
[Errno 2] No such file or directory: 'C:\\Users\\ADMINI~1\\AppData\\Local\\Temp\\1\\_MEI18162\\cloudscraper\\user_agent\\browsers.json'
Could not find a suitable TLS CA certificate bundle, invalid path: C:\Users\ADMINI~1\AppData\Local\Temp\1\_MEI18162\certifi\cacert.pem
[Errno 2] No such file or directory: 'C:\\Users\\ADMINI~1\\AppData\\Local\\Temp\\1\\_MEI18162\\cloudscraper\\user_agent\\browsers.json'
[Errno 2] No such file or directory: 'C:\\Users\\ADMINI~1\\AppData\\Local\\Temp\\1\\_MEI18162\\cloudscraper\\user_agent\\browsers.json'
[Errno 2] No such file or directory: 'C:\\Users\\ADMINI~1\\AppData\\Local\\Temp\\1\\_MEI18162\\cloudscraper\\user_agent\\browsers.json'
[Errno 2] No such file or directory: 'C:\\Users\\ADMINI~1\\AppData\\Local\\Temp\\1\\_MEI18162\\cloudscraper\\user_agent\\browsers.json'
[Errno 2] No such file or directory: 'C:\\Users\\ADMINI~1\\AppData\\Local\\Temp\\1\\_MEI18162\\cloudscraper\\user_agent\\browsers.json'
[Errno 2] No such file or directory: 'C:\\Users\\ADMINI~1\\AppData\\Local\\Temp\\1\\_MEI18162\\cloudscraper\\user_agent\\browsers.json'
[Errno 2] No such file or directory: 'C:\\Users\\ADMINI~1\\AppData\\Local\\Temp\\1\\_MEI18162\\cloudscraper\\user_agent\\browsers.json'
[Errno 2] No such file or directory: 'C:\\Users\\ADMINI~1\\AppData\\Local\\Temp\\1\\_MEI18162\\cloudscraper\\user_agent\\browsers.json'
[Errno 2] No such file or directory: 'C:\\Users\\ADMINI~1\\AppData\\Local\\Temp\\1\\_MEI18162\\cloudscraper\\user_agent\\browsers.json'
[Errno 2] No such file or directory: 'C:\\Users\\ADMINI~1\\AppData\\Local\\Temp\\1\\_MEI18162\\cloudscraper\\user_agent\\browsers.json'
[Errno 2] No such file or directory: 'C:\\Users\\ADMINI~1\\AppData\\Local\\Temp\\1\\_MEI18162\\cloudscraper\\user_agent\\browsers.json'
[Errno 2] No such file or directory: 'C:\\Users\\ADMINI~1\\AppData\\Local\\Temp\\1\\_MEI18162\\cloudscraper\\user_agent\\browsers.json'
[Errno 2] No such file or directory: 'C:\\Users\\ADMINI~1\\AppData\\Local\\Temp\\1\\_MEI18162\\cloudscraper\\user_agent\\browsers.json'
[Errno 2] No such file or directory: 'C:\\Users\\ADMINI~1\\AppData\\Local\\Temp\\1\\_MEI18162\\cloudscraper\\user_agent\\browsers.json'
[Errno 2] No such file or directory: 'C:\\Users\\ADMINI~1\\AppData\\Local\\Temp\\1\\_MEI18162\\cloudscraper\\user_agent\\browsers.json'
[Errno 2] No such file or directory: 'C:\\Users\\ADMINI~1\\AppData\\Local\\Temp\\1\\_MEI18162\\cloudscraper\\user_agent\\browsers.json'
[Errno 2] No such file or directory: 'C:\\Users\\ADMINI~1\\AppData\\Local\\Temp\\1\\_MEI18162\\cloudscraper\\user_agent\\browsers.json'
[Errno 2] No such file or directory: 'C:\\Users\\ADMINI~1\\AppData\\Local\\Temp\\1\\_MEI18162\\cloudscraper\\user_agent\\browsers.json'
Could not find a suitable TLS CA certificate bundle, invalid path: C:\Users\ADMINI~1\AppData\Local\Temp\1\_MEI18162\certifi\cacert.pem
[Errno 2] No such file or directory: 'C:\\Users\\ADMINI~1\\AppData\\Local\\Temp\\1\\_MEI18162\\cloudscraper\\user_agent\\browsers.json'
[Errno 2] No such file or directory: 'C:\\Users\\ADMINI~1\\AppData\\Local\\Temp\\1\\_MEI18162\\cloudscraper\\user_agent\\browsers.json'
[Errno 2] No such file or directory: 'C:\\Users\\ADMINI~1\\AppData\\Local\\Temp\\1\\_MEI18162\\cloudscraper\\user_agent\\browsers.json'
[Errno 2] No such file or directory: 'C:\\Users\\ADMINI~1\\AppData\\Local\\Temp\\1\\_MEI18162\\cloudscraper\\user_agent\\browsers.json'
[Errno 2] No such file or directory: 'C:\\Users\\ADMINI~1\\AppData\\Local\\Temp\\1\\_MEI18162\\cloudscraper\\user_agent\\browsers.json'
[Errno 2] No such file or directory: 'C:\\Users\\ADMINI~1\\AppData\\Local\\Temp\\1\\_MEI18162\\cloudscraper\\user_agent\\browsers.json'
[Errno 2] No such file or directory: 'C:\\Users\\ADMINI~1\\AppData\\Local\\Temp\\1\\_MEI18162\\cloudscraper\\user_agent\\browsers.json'
[Errno 2] No such file or directory: 'C:\\Users\\ADMINI~1\\AppData\\Local\\Temp\\1\\_MEI18162\\cloudscraper\\user_agent\\browsers.json'
[Errno 2] No such file or directory: 'C:\\Users\\ADMINI~1\\AppData\\Local\\Temp\\1\\_MEI18162\\cloudscraper\\user_agent\\browsers.json'
[Errno 2] No such file or directory: 'C:\\Users\\ADMINI~1\\AppData\\Local\\Temp\\1\\_MEI18162\\cloudscraper\\user_agent\\browsers.json'
[Errno 2] No such file or directory: 'C:\\Users\\ADMINI~1\\AppData\\Local\\Temp\\1\\_MEI18162\\cloudscraper\\user_agent\\browsers.json'
[Errno 2] No such file or directory: 'C:\\Users\\ADMINI~1\\AppData\\Local\\Temp\\1\\_MEI18162\\cloudscraper\\user_agent\\browsers.json'
Could not find a suitable TLS CA certificate bundle, invalid path: C:\Users\ADMINI~1\AppData\Local\Temp\1\_MEI18162\certifi\cacert.pem
[Errno 2] No such file or directory: 'C:\\Users\\ADMINI~1\\AppData\\Local\\Temp\\1\\_MEI18162\\cloudscraper\\user_agent\\browsers.json'
[Errno 2] No such file or directory: 'C:\\Users\\ADMINI~1\\AppData\\Local\\Temp\\1\\_MEI18162\\cloudscraper\\user_agent\\browsers.json'
[Errno 2] No such file or directory: 'C:\\Users\\ADMINI~1\\AppData\\Local\\Temp\\1\\_MEI18162\\cloudscraper\\user_agent\\browsers.json'
[Errno 2] No such file or directory: 'C:\\Users\\ADMINI~1\\AppData\\Local\\Temp\\1\\_MEI18162\\cloudscraper\\user_agent\\browsers.json'
Could not find a suitable TLS CA certificate bundle, invalid path: C:\Users\ADMINI~1\AppData\Local\Temp\1\_MEI18162\certifi\cacert.pem
Could not find a suitable TLS CA certificate bundle, invalid path: C:\Users\ADMINI~1\AppData\Local\Temp\1\_MEI18162\certifi\cacert.pem
Could not find a suitable TLS CA certificate bundle, invalid path: C:\Users\ADMINI~1\AppData\Local\Temp\1\_MEI18162\certifi\cacert.pem
[Errno 2] No such file or directory: 'C:\\Users\\ADMINI~1\\AppData\\Local\\Temp\\1\\_MEI18162\\cloudscraper\\user_agent\\browsers.json'
[Errno 2] No such file or directory: 'C:\\Users\\ADMINI~1\\AppData\\Local\\Temp\\1\\_MEI18162\\cloudscraper\\user_agent\\browsers.json'
[Errno 2] No such file or directory: 'C:\\Users\\ADMINI~1\\AppData\\Local\\Temp\\1\\_MEI18162\\cloudscraper\\user_agent\\browsers.json'
[Errno 2] No such file or directory: 'C:\\Users\\ADMINI~1\\AppData\\Local\\Temp\\1\\_MEI18162\\cloudscraper\\user_agent\\browsers.json'
[Errno 2] No such file or directory: 'C:\\Users\\ADMINI~1\\AppData\\Local\\Temp\\1\\_MEI18162\\cloudscraper\\user_agent\\browsers.json'
[Errno 2] No such file or directory: 'C:\\Users\\ADMINI~1\\AppData\\Local\\Temp\\1\\_MEI18162\\cloudscraper\\user_agent\\browsers.json'
[Errno 2] No such file or directory: 'C:\\Users\\ADMINI~1\\AppData\\Local\\Temp\\1\\_MEI18162\\cloudscraper\\user_agent\\browsers.json'
[Errno 2] No such file or directory: 'C:\\Users\\ADMINI~1\\AppData\\Local\\Temp\\1\\_MEI18162\\cloudscraper\\user_agent\\browsers.json'
[Errno 2] No such file or directory: 'C:\\Users\\ADMINI~1\\AppData\\Local\\Temp\\1\\_MEI18162\\cloudscraper\\user_agent\\browsers.json'
[Errno 2] No such file or directory: 'C:\\Users\\ADMINI~1\\AppData\\Local\\Temp\\1\\_MEI18162\\cloudscraper\\user_agent\\browsers.json'
[Errno 2] No such file or directory: 'C:\\Users\\ADMINI~1\\AppData\\Local\\Temp\\1\\_MEI18162\\cloudscraper\\user_agent\\browsers.json'
[Errno 2] No such file or directory: 'C:\\Users\\ADMINI~1\\AppData\\Local\\Temp\\1\\_MEI18162\\cloudscraper\\user_agent\\browsers.json'
[Errno 2] No such file or directory: 'C:\\Users\\ADMINI~1\\AppData\\Local\\Temp\\1\\_MEI18162\\cloudscraper\\user_agent\\browsers.json'
[Errno 2] No such file or directory: 'C:\\Users\\ADMINI~1\\AppData\\Local\\Temp\\1\\_MEI18162\\cloudscraper\\user_agent\\browsers.json'
Could not find a suitable TLS CA certificate bundle, invalid path: C:\Users\ADMINI~1\AppData\Local\Temp\1\_MEI18162\certifi\cacert.pem
[Errno 2] No such file or directory: 'C:\\Users\\ADMINI~1\\AppData\\Local\\Temp\\1\\_MEI18162\\cloudscraper\\user_agent\\browsers.json'
[Errno 2] No such file or directory: 'C:\\Users\\ADMINI~1\\AppData\\Local\\Temp\\1\\_MEI18162\\cloudscraper\\user_agent\\browsers.json'
[Errno 2] No such file or directory: 'C:\\Users\\ADMINI~1\\AppData\\Local\\Temp\\1\\_MEI18162\\cloudscraper\\user_agent\\browsers.json'
[Errno 2] No such file or directory: 'C:\\Users\\ADMINI~1\\AppData\\Local\\Temp\\1\\_MEI18162\\cloudscraper\\user_agent\\browsers.json'
[Errno 2] No such file or directory: 'C:\\Users\\ADMINI~1\\AppData\\Local\\Temp\\1\\_MEI18162\\cloudscraper\\user_agent\\browsers.json'
[Errno 2] No such file or directory: 'C:\\Users\\ADMINI~1\\AppData\\Local\\Temp\\1\\_MEI18162\\cloudscraper\\user_agent\\browsers.json'
[Errno 2] No such file or directory: 'C:\\Users\\ADMINI~1\\AppData\\Local\\Temp\\1\\_MEI18162\\cloudscraper\\user_agent\\browsers.json'
[Errno 2] No such file or directory: 'C:\\Users\\ADMINI~1\\AppData\\Local\\Temp\\1\\_MEI18162\\cloudscraper\\user_agent\\browsers.json'
[Errno 2] No such file or directory: 'C:\\Users\\ADMINI~1\\AppData\\Local\\Temp\\1\\_MEI18162\\cloudscraper\\user_agent\\browsers.json'
[Errno 2] No such file or directory: 'C:\\Users\\ADMINI~1\\AppData\\Local\\Temp\\1\\_MEI18162\\cloudscraper\\user_agent\\browsers.json'
[Errno 2] No such file or directory: 'C:\\Users\\ADMINI~1\\AppData\\Local\\Temp\\1\\_MEI18162\\cloudscraper\\user_agent\\browsers.json'
[Errno 2] No such file or directory: 'C:\\Users\\ADMINI~1\\AppData\\Local\\Temp\\1\\_MEI18162\\cloudscraper\\user_agent\\browsers.json'
[Errno 2] No such file or directory: 'C:\\Users\\ADMINI~1\\AppData\\Local\\Temp\\1\\_MEI18162\\cloudscraper\\user_agent\\browsers.json'
[Errno 2] No such file or directory: 'C:\\Users\\ADMINI~1\\AppData\\Local\\Temp\\1\\_MEI18162\\cloudscraper\\user_agent\\browsers.json'
[Errno 2] No such file or directory: 'C:\\Users\\ADMINI~1\\AppData\\Local\\Temp\\1\\_MEI18162\\cloudscraper\\user_agent\\browsers.json'
[Errno 2] No such file or directory: 'C:\\Users\\ADMINI~1\\AppData\\Local\\Temp\\1\\_MEI18162\\cloudscraper\\user_agent\\browsers.json'
[Errno 2] No such file or directory: 'C:\\Users\\ADMINI~1\\AppData\\Local\\Temp\\1\\_MEI18162\\cloudscraper\\user_agent\\browsers.json'
[Errno 2] No such file or directory: 'C:\\Users\\ADMINI~1\\AppData\\Local\\Temp\\1\\_MEI18162\\cloudscraper\\user_agent\\browsers.json'
[Errno 2] No such file or directory: 'C:\\Users\\ADMINI~1\\AppData\\Local\\Temp\\1\\_MEI18162\\cloudscraper\\user_agent\\browsers.json'
[Errno 2] No such file or directory: 'C:\\Users\\ADMINI~1\\AppData\\Local\\Temp\\1\\_MEI18162\\cloudscraper\\user_agent\\browsers.json'
[Errno 2] No such file or directory: 'C:\\Users\\ADMINI~1\\AppData\\Local\\Temp\\1\\_MEI18162\\cloudscraper\\user_agent\\browsers.json'
[Errno 2] No such file or directory: 'C:\\Users\\ADMINI~1\\AppData\\Local\\Temp\\1\\_MEI18162\\cloudscraper\\user_agent\\browsers.json'
[Errno 2] No such file or directory: 'C:\\Users\\ADMINI~1\\AppData\\Local\\Temp\\1\\_MEI18162\\cloudscraper\\user_agent\\browsers.json'
[Errno 2] No such file or directory: 'C:\\Users\\ADMINI~1\\AppData\\Local\\Temp\\1\\_MEI18162\\cloudscraper\\user_agent\\browsers.json'
[Errno 2] No such file or directory: 'C:\\Users\\ADMINI~1\\AppData\\Local\\Temp\\1\\_MEI18162\\cloudscraper\\user_agent\\browsers.json'
[Errno 2] No such file or directory: 'C:\\Users\\ADMINI~1\\AppData\\Local\\Temp\\1\\_MEI18162\\cloudscraper\\user_agent\\browsers.json'
[Errno 2] No such file or directory: 'C:\\Users\\ADMINI~1\\AppData\\Local\\Temp\\1\\_MEI18162\\cloudscraper\\user_agent\\browsers.json'
[Errno 2] No such file or directory: 'C:\\Users\\ADMINI~1\\AppData\\Local\\Temp\\1\\_MEI18162\\cloudscraper\\user_agent\\browsers.json'
[Errno 2] No such file or directory: 'C:\\Users\\ADMINI~1\\AppData\\Local\\Temp\\1\\_MEI18162\\cloudscraper\\user_agent\\browsers.json'
[Errno 2] No such file or directory: 'C:\\Users\\ADMINI~1\\AppData\\Local\\Temp\\1\\_MEI18162\\cloudscraper\\user_agent\\browsers.json'
[Errno 2] No such file or directory: 'C:\\Users\\ADMINI~1\\AppData\\Local\\Temp\\1\\_MEI18162\\cloudscraper\\user_agent\\browsers.json'
[Errno 2] No such file or directory: 'C:\\Users\\ADMINI~1\\AppData\\Local\\Temp\\1\\_MEI18162\\cloudscraper\\user_agent\\browsers.json'
[Errno 2] No such file or directory: 'C:\\Users\\ADMINI~1\\AppData\\Local\\Temp\\1\\_MEI18162\\cloudscraper\\user_agent\\browsers.json'
[Errno 2] No such file or directory: 'C:\\Users\\ADMINI~1\\AppData\\Local\\Temp\\1\\_MEI18162\\cloudscraper\\user_agent\\browsers.json'
[Errno 2] No such file or directory: 'C:\\Users\\ADMINI~1\\AppData\\Local\\Temp\\1\\_MEI18162\\cloudscraper\\user_agent\\browsers.json'
[Errno 2] No such file or directory: 'C:\\Users\\ADMINI~1\\AppData\\Local\\Temp\\1\\_MEI18162\\cloudscraper\\user_agent\\browsers.json'
[Errno 2] No such file or directory: 'C:\\Users\\ADMINI~1\\AppData\\Local\\Temp\\1\\_MEI18162\\cloudscraper\\user_agent\\browsers.json'
[Errno 2] No such file or directory: 'C:\\Users\\ADMINI~1\\AppData\\Local\\Temp\\1\\_MEI18162\\cloudscraper\\user_agent\\browsers.json'
[Errno 2] No such file or directory: 'C:\\Users\\ADMINI~1\\AppData\\Local\\Temp\\1\\_MEI18162\\cloudscraper\\user_agent\\browsers.json'
[Errno 2] No such file or directory: 'C:\\Users\\ADMINI~1\\AppData\\Local\\Temp\\1\\_MEI18162\\cloudscraper\\user_agent\\browsers.json'
[Errno 2] No such file or directory: 'C:\\Users\\ADMINI~1\\AppData\\Local\\Temp\\1\\_MEI18162\\cloudscraper\\user_agent\\browsers.json'
[Errno 2] No such file or directory: 'C:\\Users\\ADMINI~1\\AppData\\Local\\Temp\\1\\_MEI18162\\cloudscraper\\user_agent\\browsers.json'
[Errno 2] No such file or directory: 'C:\\Users\\ADMINI~1\\AppData\\Local\\Temp\\1\\_MEI18162\\cloudscraper\\user_agent\\browsers.json'
[Errno 2] No such file or directory: 'C:\\Users\\ADMINI~1\\AppData\\Local\\Temp\\1\\_MEI18162\\cloudscraper\\user_agent\\browsers.json'
[Errno 2] No such file or directory: 'C:\\Users\\ADMINI~1\\AppData\\Local\\Temp\\1\\_MEI18162\\cloudscraper\\user_agent\\browsers.json'
[Errno 2] No such file or directory: 'C:\\Users\\ADMINI~1\\AppData\\Local\\Temp\\1\\_MEI18162\\cloudscraper\\user_agent\\browsers.json'
[Errno 2] No such file or directory: 'C:\\Users\\ADMINI~1\\AppData\\Local\\Temp\\1\\_MEI18162\\cloudscraper\\user_agent\\browsers.json'
[Errno 2] No such file or directory: 'C:\\Users\\ADMINI~1\\AppData\\Local\\Temp\\1\\_MEI18162\\cloudscraper\\user_agent\\browsers.json'
[Errno 2] No such file or directory: 'C:\\Users\\ADMINI~1\\AppData\\Local\\Temp\\1\\_MEI18162\\cloudscraper\\user_agent\\browsers.json'
[Errno 2] No such file or directory: 'C:\\Users\\ADMINI~1\\AppData\\Local\\Temp\\1\\_MEI18162\\cloudscraper\\user_agent\\browsers.json'
[Errno 2] No such file or directory: 'C:\\Users\\ADMINI~1\\AppData\\Local\\Temp\\1\\_MEI18162\\cloudscraper\\user_agent\\browsers.json'
[Errno 2] No such file or directory: 'C:\\Users\\ADMINI~1\\AppData\\Local\\Temp\\1\\_MEI18162\\cloudscraper\\user_agent\\browsers.json'
[Errno 2] No such file or directory: 'C:\\Users\\ADMINI~1\\AppData\\Local\\Temp\\1\\_MEI18162\\cloudscraper\\user_agent\\browsers.json'
[Errno 2] No such file or directory: 'C:\\Users\\ADMINI~1\\AppData\\Local\\Temp\\1\\_MEI18162\\cloudscraper\\user_agent\\browsers.json'
[Errno 2] No such file or directory: 'C:\\Users\\ADMINI~1\\AppData\\Local\\Temp\\1\\_MEI18162\\cloudscraper\\user_agent\\browsers.json'
[Errno 2] No such file or directory: 'C:\\Users\\ADMINI~1\\AppData\\Local\\Temp\\1\\_MEI18162\\cloudscraper\\user_agent\\browsers.json'
[Errno 2] No such file or directory: 'C:\\Users\\ADMINI~1\\AppData\\Local\\Temp\\1\\_MEI18162\\cloudscraper\\user_agent\\browsers.json'
[Errno 2] No such file or directory: 'C:\\Users\\ADMINI~1\\AppData\\Local\\Temp\\1\\_MEI18162\\cloudscraper\\user_agent\\browsers.json'
[Errno 2] No such file or directory: 'C:\\Users\\ADMINI~1\\AppData\\Local\\Temp\\1\\_MEI18162\\cloudscraper\\user_agent\\browsers.json'
[Errno 2] No such file or directory: 'C:\\Users\\ADMINI~1\\AppData\\Local\\Temp\\1\\_MEI18162\\cloudscraper\\user_agent\\browsers.json'
[Errno 2] No such file or directory: 'C:\\Users\\ADMINI~1\\AppData\\Local\\Temp\\1\\_MEI18162\\cloudscraper\\user_agent\\browsers.json'
[Errno 2] No such file or directory: 'C:\\Users\\ADMINI~1\\AppData\\Local\\Temp\\1\\_MEI18162\\cloudscraper\\user_agent\\browsers.json'
[Errno 2] No such file or directory: 'C:\\Users\\ADMINI~1\\AppData\\Local\\Temp\\1\\_MEI18162\\cloudscraper\\user_agent\\browsers.json'
[Errno 2] No such file or directory: 'C:\\Users\\ADMINI~1\\AppData\\Local\\Temp\\1\\_MEI18162\\cloudscraper\\user_agent\\browsers.json'
[Errno 2] No such file or directory: 'C:\\Users\\ADMINI~1\\AppData\\Local\\Temp\\1\\_MEI18162\\cloudscraper\\user_agent\\browsers.json'
[Errno 2] No such file or directory: 'C:\\Users\\ADMINI~1\\AppData\\Local\\Temp\\1\\_MEI18162\\cloudscraper\\user_agent\\browsers.json'
[Errno 2] No such file or directory: 'C:\\Users\\ADMINI~1\\AppData\\Local\\Temp\\1\\_MEI18162\\cloudscraper\\user_agent\\browsers.json'
[Errno 2] No such file or directory: 'C:\\Users\\ADMINI~1\\AppData\\Local\\Temp\\1\\_MEI18162\\cloudscraper\\user_agent\\browsers.json'
[Errno 2] No such file or directory: 'C:\\Users\\ADMINI~1\\AppData\\Local\\Temp\\1\\_MEI18162\\cloudscraper\\user_agent\\browsers.json'
[Errno 2] No such file or directory: 'C:\\Users\\ADMINI~1\\AppData\\Local\\Temp\\1\\_MEI18162\\cloudscraper\\user_agent\\browsers.json'
[Errno 2] No such file or directory: 'C:\\Users\\ADMINI~1\\AppData\\Local\\Temp\\1\\_MEI18162\\cloudscraper\\user_agent\\browsers.json'
[Errno 2] No such file or directory: 'C:\\Users\\ADMINI~1\\AppData\\Local\\Temp\\1\\_MEI18162\\cloudscraper\\user_agent\\browsers.json'
[Errno 2] No such file or directory: 'C:\\Users\\ADMINI~1\\AppData\\Local\\Temp\\1\\_MEI18162\\cloudscraper\\user_agent\\browsers.json'
[Errno 2] No such file or directory: 'C:\\Users\\ADMINI~1\\AppData\\Local\\Temp\\1\\_MEI18162\\cloudscraper\\user_agent\\browsers.json'
[Errno 2] No such file or directory: 'C:\\Users\\ADMINI~1\\AppData\\Local\\Temp\\1\\_MEI18162\\cloudscraper\\user_agent\\browsers.json'
[Errno 2] No such file or directory: 'C:\\Users\\ADMINI~1\\AppData\\Local\\Temp\\1\\_MEI18162\\cloudscraper\\user_agent\\browsers.json'
[Errno 2] No such file or directory: 'C:\\Users\\ADMINI~1\\AppData\\Local\\Temp\\1\\_MEI18162\\cloudscraper\\user_agent\\browsers.json'
[Errno 2] No such file or directory: 'C:\\Users\\ADMINI~1\\AppData\\Local\\Temp\\1\\_MEI18162\\cloudscraper\\user_agent\\browsers.json'
[Errno 2] No such file or directory: 'C:\\Users\\ADMINI~1\\AppData\\Local\\Temp\\1\\_MEI18162\\cloudscraper\\user_agent\\browsers.json'
[Errno 2] No such file or directory: 'C:\\Users\\ADMINI~1\\AppData\\Local\\Temp\\1\\_MEI18162\\cloudscraper\\user_agent\\browsers.json'
[Errno 2] No such file or directory: 'C:\\Users\\ADMINI~1\\AppData\\Local\\Temp\\1\\_MEI18162\\cloudscraper\\user_agent\\browsers.json'
[Errno 2] No such file or directory: 'C:\\Users\\ADMINI~1\\AppData\\Local\\Temp\\1\\_MEI18162\\cloudscraper\\user_agent\\browsers.json'
[Errno 2] No such file or directory: 'C:\\Users\\ADMINI~1\\AppData\\Local\\Temp\\1\\_MEI18162\\cloudscraper\\user_agent\\browsers.json'
[Errno 2] No such file or directory: 'C:\\Users\\ADMINI~1\\AppData\\Local\\Temp\\1\\_MEI18162\\cloudscraper\\user_agent\\browsers.json'
[Errno 2] No such file or directory: 'C:\\Users\\ADMINI~1\\AppData\\Local\\Temp\\1\\_MEI18162\\cloudscraper\\user_agent\\browsers.json'
[Errno 2] No such file or directory: 'C:\\Users\\ADMINI~1\\AppData\\Local\\Temp\\1\\_MEI18162\\cloudscraper\\user_agent\\browsers.json'
[Errno 2] No such file or directory: 'C:\\Users\\ADMINI~1\\AppData\\Local\\Temp\\1\\_MEI18162\\cloudscraper\\user_agent\\browsers.json'
[Errno 2] No such file or directory: 'C:\\Users\\ADMINI~1\\AppData\\Local\\Temp\\1\\_MEI18162\\cloudscraper\\user_agent\\browsers.json'
[Errno 2] No such file or directory: 'C:\\Users\\ADMINI~1\\AppData\\Local\\Temp\\1\\_MEI18162\\cloudscraper\\user_agent\\browsers.json'
[Errno 2] No such file or directory: 'C:\\Users\\ADMINI~1\\AppData\\Local\\Temp\\1\\_MEI18162\\cloudscraper\\user_agent\\browsers.json'
[Errno 2] No such file or directory: 'C:\\Users\\ADMINI~1\\AppData\\Local\\Temp\\1\\_MEI18162\\cloudscraper\\user_agent\\browsers.json'
[Errno 2] No such file or directory: 'C:\\Users\\ADMINI~1\\AppData\\Local\\Temp\\1\\_MEI18162\\cloudscraper\\user_agent\\browsers.json'
[Errno 2] No such file or directory: 'C:\\Users\\ADMINI~1\\AppData\\Local\\Temp\\1\\_MEI18162\\cloudscraper\\user_agent\\browsers.json'
[Errno 2] No such file or directory: 'C:\\Users\\ADMINI~1\\AppData\\Local\\Temp\\1\\_MEI18162\\cloudscraper\\user_agent\\browsers.json'
[Errno 2] No such file or directory: 'C:\\Users\\ADMINI~1\\AppData\\Local\\Temp\\1\\_MEI18162\\cloudscraper\\user_agent\\browsers.json'
[Errno 2] No such file or directory: 'C:\\Users\\ADMINI~1\\AppData\\Local\\Temp\\1\\_MEI18162\\cloudscraper\\user_agent\\browsers.json'
[Errno 2] No such file or directory: 'C:\\Users\\ADMINI~1\\AppData\\Local\\Temp\\1\\_MEI18162\\cloudscraper\\user_agent\\browsers.json'
[Errno 2] No such file or directory: 'C:\\Users\\ADMINI~1\\AppData\\Local\\Temp\\1\\_MEI18162\\cloudscraper\\user_agent\\browsers.json'
[Errno 2] No such file or directory: 'C:\\Users\\ADMINI~1\\AppData\\Local\\Temp\\1\\_MEI18162\\cloudscraper\\user_agent\\browsers.json'
[Errno 2] No such file or directory: 'C:\\Users\\ADMINI~1\\AppData\\Local\\Temp\\1\\_MEI18162\\cloudscraper\\user_agent\\browsers.json'
[Errno 2] No such file or directory: 'C:\\Users\\ADMINI~1\\AppData\\Local\\Temp\\1\\_MEI18162\\cloudscraper\\user_agent\\browsers.json'
[Errno 2] No such file or directory: 'C:\\Users\\ADMINI~1\\AppData\\Local\\Temp\\1\\_MEI18162\\cloudscraper\\user_agent\\browsers.json'
[Errno 2] No such file or directory: 'C:\\Users\\ADMINI~1\\AppData\\Local\\Temp\\1\\_MEI18162\\cloudscraper\\user_agent\\browsers.json'
[Errno 2] No such file or directory: 'C:\\Users\\ADMINI~1\\AppData\\Local\\Temp\\1\\_MEI18162\\cloudscraper\\user_agent\\browsers.json'
[Errno 2] No such file or directory: 'C:\\Users\\ADMINI~1\\AppData\\Local\\Temp\\1\\_MEI18162\\cloudscraper\\user_agent\\browsers.json'
[Errno 2] No such file or directory: 'C:\\Users\\ADMINI~1\\AppData\\Local\\Temp\\1\\_MEI18162\\cloudscraper\\user_agent\\browsers.json'
[Errno 2] No such file or directory: 'C:\\Users\\ADMINI~1\\AppData\\Local\\Temp\\1\\_MEI18162\\cloudscraper\\user_agent\\browsers.json'
[Errno 2] No such file or directory: 'C:\\Users\\ADMINI~1\\AppData\\Local\\Temp\\1\\_MEI18162\\cloudscraper\\user_agent\\browsers.json'
[Errno 2] No such file or directory: 'C:\\Users\\ADMINI~1\\AppData\\Local\\Temp\\1\\_MEI18162\\cloudscraper\\user_agent\\browsers.json'
[Errno 2] No such file or directory: 'C:\\Users\\ADMINI~1\\AppData\\Local\\Temp\\1\\_MEI18162\\cloudscraper\\user_agent\\browsers.json'
[Errno 2] No such file or directory: 'C:\\Users\\ADMINI~1\\AppData\\Local\\Temp\\1\\_MEI18162\\cloudscraper\\user_agent\\browsers.json'
[Errno 2] No such file or directory: 'C:\\Users\\ADMINI~1\\AppData\\Local\\Temp\\1\\_MEI18162\\cloudscraper\\user_agent\\browsers.json'
[Errno 2] No such file or directory: 'C:\\Users\\ADMINI~1\\AppData\\Local\\Temp\\1\\_MEI18162\\cloudscraper\\user_agent\\browsers.json'
[Errno 2] No such file or directory: 'C:\\Users\\ADMINI~1\\AppData\\Local\\Temp\\1\\_MEI18162\\cloudscraper\\user_agent\\browsers.json'
[Errno 2] No such file or directory: 'C:\\Users\\ADMINI~1\\AppData\\Local\\Temp\\1\\_MEI18162\\cloudscraper\\user_agent\\browsers.json'
[Errno 2] No such file or directory: 'C:\\Users\\ADMINI~1\\AppData\\Local\\Temp\\1\\_MEI18162\\cloudscraper\\user_agent\\browsers.json'
[Errno 2] No such file or directory: 'C:\\Users\\ADMINI~1\\AppData\\Local\\Temp\\1\\_MEI18162\\cloudscraper\\user_agent\\browsers.json'
[Errno 2] No such file or directory: 'C:\\Users\\ADMINI~1\\AppData\\Local\\Temp\\1\\_MEI18162\\cloudscraper\\user_agent\\browsers.json'
[Errno 2] No such file or directory: 'C:\\Users\\ADMINI~1\\AppData\\Local\\Temp\\1\\_MEI18162\\cloudscraper\\user_agent\\browsers.json'
[Errno 2] No such file or directory: 'C:\\Users\\ADMINI~1\\AppData\\Local\\Temp\\1\\_MEI18162\\cloudscraper\\user_agent\\browsers.json'
[Errno 2] No such file or directory: 'C:\\Users\\ADMINI~1\\AppData\\Local\\Temp\\1\\_MEI18162\\cloudscraper\\user_agent\\browsers.json'
[Errno 2] No such file or directory: 'C:\\Users\\ADMINI~1\\AppData\\Local\\Temp\\1\\_MEI18162\\cloudscraper\\user_agent\\browsers.json'
[Errno 2] No such file or directory: 'C:\\Users\\ADMINI~1\\AppData\\Local\\Temp\\1\\_MEI18162\\cloudscraper\\user_agent\\browsers.json'
[Errno 2] No such file or directory: 'C:\\Users\\ADMINI~1\\AppData\\Local\\Temp\\1\\_MEI18162\\cloudscraper\\user_agent\\browsers.json'
[Errno 2] No such file or directory: 'C:\\Users\\ADMINI~1\\AppData\\Local\\Temp\\1\\_MEI18162\\cloudscraper\\user_agent\\browsers.json'
[Errno 2] No such file or directory: 'C:\\Users\\ADMINI~1\\AppData\\Local\\Temp\\1\\_MEI18162\\cloudscraper\\user_agent\\browsers.json'
[Errno 2] No such file or directory: 'C:\\Users\\ADMINI~1\\AppData\\Local\\Temp\\1\\_MEI18162\\cloudscraper\\user_agent\\browsers.json'
[Errno 2] No such file or directory: 'C:\\Users\\ADMINI~1\\AppData\\Local\\Temp\\1\\_MEI18162\\cloudscraper\\user_agent\\browsers.json'
[Errno 2] No such file or directory: 'C:\\Users\\ADMINI~1\\AppData\\Local\\Temp\\1\\_MEI18162\\cloudscraper\\user_agent\\browsers.json'
[Errno 2] No such file or directory: 'C:\\Users\\ADMINI~1\\AppData\\Local\\Temp\\1\\_MEI18162\\cloudscraper\\user_agent\\browsers.json'
[Errno 2] No such file or directory: 'C:\\Users\\ADMINI~1\\AppData\\Local\\Temp\\1\\_MEI18162\\cloudscraper\\user_agent\\browsers.json'
[Errno 2] No such file or directory: 'C:\\Users\\ADMINI~1\\AppData\\Local\\Temp\\1\\_MEI18162\\cloudscraper\\user_agent\\browsers.json'
[Errno 2] No such file or directory: 'C:\\Users\\ADMINI~1\\AppData\\Local\\Temp\\1\\_MEI18162\\cloudscraper\\user_agent\\browsers.json'
[Errno 2] No such file or directory: 'C:\\Users\\ADMINI~1\\AppData\\Local\\Temp\\1\\_MEI18162\\cloudscraper\\user_agent\\browsers.json'
[Errno 2] No such file or directory: 'C:\\Users\\ADMINI~1\\AppData\\Local\\Temp\\1\\_MEI18162\\cloudscraper\\user_agent\\browsers.json'
[Errno 2] No such file or directory: 'C:\\Users\\ADMINI~1\\AppData\\Local\\Temp\\1\\_MEI18162\\cloudscraper\\user_agent\\browsers.json'
[Errno 2] No such file or directory: 'C:\\Users\\ADMINI~1\\AppData\\Local\\Temp\\1\\_MEI18162\\cloudscraper\\user_agent\\browsers.json'
[Errno 2] No such file or directory: 'C:\\Users\\ADMINI~1\\AppData\\Local\\Temp\\1\\_MEI18162\\cloudscraper\\user_agent\\browsers.json'
[Errno 2] No such file or directory: 'C:\\Users\\ADMINI~1\\AppData\\Local\\Temp\\1\\_MEI18162\\cloudscraper\\user_agent\\browsers.json'
[Errno 2] No such file or directory: 'C:\\Users\\ADMINI~1\\AppData\\Local\\Temp\\1\\_MEI18162\\cloudscraper\\user_agent\\browsers.json'
[Errno 2] No such file or directory: 'C:\\Users\\ADMINI~1\\AppData\\Local\\Temp\\1\\_MEI18162\\cloudscraper\\user_agent\\browsers.json'
[Errno 2] No such file or directory: 'C:\\Users\\ADMINI~1\\AppData\\Local\\Temp\\1\\_MEI18162\\cloudscraper\\user_agent\\browsers.json'
[Errno 2] No such file or directory: 'C:\\Users\\ADMINI~1\\AppData\\Local\\Temp\\1\\_MEI18162\\cloudscraper\\user_agent\\browsers.json'
[Errno 2] No such file or directory: 'C:\\Users\\ADMINI~1\\AppData\\Local\\Temp\\1\\_MEI18162\\cloudscraper\\user_agent\\browsers.json'
[Errno 2] No such file or directory: 'C:\\Users\\ADMINI~1\\AppData\\Local\\Temp\\1\\_MEI18162\\cloudscraper\\user_agent\\browsers.json'
[Errno 2] No such file or directory: 'C:\\Users\\ADMINI~1\\AppData\\Local\\Temp\\1\\_MEI18162\\cloudscraper\\user_agent\\browsers.json'
[Errno 2] No such file or directory: 'C:\\Users\\ADMINI~1\\AppData\\Local\\Temp\\1\\_MEI18162\\cloudscraper\\user_agent\\browsers.json'
[Errno 2] No such file or directory: 'C:\\Users\\ADMINI~1\\AppData\\Local\\Temp\\1\\_MEI18162\\cloudscraper\\user_agent\\browsers.json'
[Errno 2] No such file or directory: 'C:\\Users\\ADMINI~1\\AppData\\Local\\Temp\\1\\_MEI18162\\cloudscraper\\user_agent\\browsers.json'
[Errno 2] No such file or directory: 'C:\\Users\\ADMINI~1\\AppData\\Local\\Temp\\1\\_MEI18162\\cloudscraper\\user_agent\\browsers.json'
[Errno 2] No such file or directory: 'C:\\Users\\ADMINI~1\\AppData\\Local\\Temp\\1\\_MEI18162\\cloudscraper\\user_agent\\browsers.json'
[Errno 2] No such file or directory: 'C:\\Users\\ADMINI~1\\AppData\\Local\\Temp\\1\\_MEI18162\\cloudscraper\\user_agent\\browsers.json'
[Errno 2] No such file or directory: 'C:\\Users\\ADMINI~1\\AppData\\Local\\Temp\\1\\_MEI18162\\cloudscraper\\user_agent\\browsers.json'
[Errno 2] No such file or directory: 'C:\\Users\\ADMINI~1\\AppData\\Local\\Temp\\1\\_MEI18162\\cloudscraper\\user_agent\\browsers.json'
[Errno 2] No such file or directory: 'C:\\Users\\ADMINI~1\\AppData\\Local\\Temp\\1\\_MEI18162\\cloudscraper\\user_agent\\browsers.json'
[Errno 2] No such file or directory: 'C:\\Users\\ADMINI~1\\AppData\\Local\\Temp\\1\\_MEI18162\\cloudscraper\\user_agent\\browsers.json'
[Errno 2] No such file or directory: 'C:\\Users\\ADMINI~1\\AppData\\Local\\Temp\\1\\_MEI18162\\cloudscraper\\user_agent\\browsers.json'
[Errno 2] No such file or directory: 'C:\\Users\\ADMINI~1\\AppData\\Local\\Temp\\1\\_MEI18162\\cloudscraper\\user_agent\\browsers.json'
[Errno 2] No such file or directory: 'C:\\Users\\ADMINI~1\\AppData\\Local\\Temp\\1\\_MEI18162\\cloudscraper\\user_agent\\browsers.json'
[Errno 2] No such file or directory: 'C:\\Users\\ADMINI~1\\AppData\\Local\\Temp\\1\\_MEI18162\\cloudscraper\\user_agent\\browsers.json'
[Errno 2] No such file or directory: 'C:\\Users\\ADMINI~1\\AppData\\Local\\Temp\\1\\_MEI18162\\cloudscraper\\user_agent\\browsers.json'
[Errno 2] No such file or directory: 'C:\\Users\\ADMINI~1\\AppData\\Local\\Temp\\1\\_MEI18162\\cloudscraper\\user_agent\\browsers.json'
[Errno 2] No such file or directory: 'C:\\Users\\ADMINI~1\\AppData\\Local\\Temp\\1\\_MEI18162\\cloudscraper\\user_agent\\browsers.json'
[Errno 2] No such file or directory: 'C:\\Users\\ADMINI~1\\AppData\\Local\\Temp\\1\\_MEI18162\\cloudscraper\\user_agent\\browsers.json'
[Errno 2] No such file or directory: 'C:\\Users\\ADMINI~1\\AppData\\Local\\Temp\\1\\_MEI18162\\cloudscraper\\user_agent\\browsers.json'
[Errno 2] No such file or directory: 'C:\\Users\\ADMINI~1\\AppData\\Local\\Temp\\1\\_MEI18162\\cloudscraper\\user_agent\\browsers.json'
[Errno 2] No such file or directory: 'C:\\Users\\ADMINI~1\\AppData\\Local\\Temp\\1\\_MEI18162\\cloudscraper\\user_agent\\browsers.json'
[Errno 2] No such file or directory: 'C:\\Users\\ADMINI~1\\AppData\\Local\\Temp\\1\\_MEI18162\\cloudscraper\\user_agent\\browsers.json'
[Errno 2] No such file or directory: 'C:\\Users\\ADMINI~1\\AppData\\Local\\Temp\\1\\_MEI18162\\cloudscraper\\user_agent\\browsers.json'
[Errno 2] No such file or directory: 'C:\\Users\\ADMINI~1\\AppData\\Local\\Temp\\1\\_MEI18162\\cloudscraper\\user_agent\\browsers.json'
[Errno 2] No such file or directory: 'C:\\Users\\ADMINI~1\\AppData\\Local\\Temp\\1\\_MEI18162\\cloudscraper\\user_agent\\browsers.json'
[Errno 2] No such file or directory: 'C:\\Users\\ADMINI~1\\AppData\\Local\\Temp\\1\\_MEI18162\\cloudscraper\\user_agent\\browsers.json'
[Errno 2] No such file or directory: 'C:\\Users\\ADMINI~1\\AppData\\Local\\Temp\\1\\_MEI18162\\cloudscraper\\user_agent\\browsers.json'
[Errno 2] No such file or directory: 'C:\\Users\\ADMINI~1\\AppData\\Local\\Temp\\1\\_MEI18162\\cloudscraper\\user_agent\\browsers.json'
[Errno 2] No such file or directory: 'C:\\Users\\ADMINI~1\\AppData\\Local\\Temp\\1\\_MEI18162\\cloudscraper\\user_agent\\browsers.json'
[Errno 2] No such file or directory: 'C:\\Users\\ADMINI~1\\AppData\\Local\\Temp\\1\\_MEI18162\\cloudscraper\\user_agent\\browsers.json'
[Errno 2] No such file or directory: 'C:\\Users\\ADMINI~1\\AppData\\Local\\Temp\\1\\_MEI18162\\cloudscraper\\user_agent\\browsers.json'
[Errno 2] No such file or directory: 'C:\\Users\\ADMINI~1\\AppData\\Local\\Temp\\1\\_MEI18162\\cloudscraper\\user_agent\\browsers.json'
[Errno 2] No such file or directory: 'C:\\Users\\ADMINI~1\\AppData\\Local\\Temp\\1\\_MEI18162\\cloudscraper\\user_agent\\browsers.json'
[Errno 2] No such file or directory: 'C:\\Users\\ADMINI~1\\AppData\\Local\\Temp\\1\\_MEI18162\\cloudscraper\\user_agent\\browsers.json'
[Errno 2] No such file or directory: 'C:\\Users\\ADMINI~1\\AppData\\Local\\Temp\\1\\_MEI18162\\cloudscraper\\user_agent\\browsers.json'
[Errno 2] No such file or directory: 'C:\\Users\\ADMINI~1\\AppData\\Local\\Temp\\1\\_MEI18162\\cloudscraper\\user_agent\\browsers.json'
[Errno 2] No such file or directory: 'C:\\Users\\ADMINI~1\\AppData\\Local\\Temp\\1\\_MEI18162\\cloudscraper\\user_agent\\browsers.json'
[Errno 2] No such file or directory: 'C:\\Users\\ADMINI~1\\AppData\\Local\\Temp\\1\\_MEI18162\\cloudscraper\\user_agent\\browsers.json'
[Errno 2] No such file or directory: 'C:\\Users\\ADMINI~1\\AppData\\Local\\Temp\\1\\_MEI18162\\cloudscraper\\user_agent\\browsers.json'
[Errno 2] No such file or directory: 'C:\\Users\\ADMINI~1\\AppData\\Local\\Temp\\1\\_MEI18162\\cloudscraper\\user_agent\\browsers.json'
[Errno 2] No such file or directory: 'C:\\Users\\ADMINI~1\\AppData\\Local\\Temp\\1\\_MEI18162\\cloudscraper\\user_agent\\browsers.json'
[Errno 2] No such file or directory: 'C:\\Users\\ADMINI~1\\AppData\\Local\\Temp\\1\\_MEI18162\\cloudscraper\\user_agent\\browsers.json'
[Errno 2] No such file or directory: 'C:\\Users\\ADMINI~1\\AppData\\Local\\Temp\\1\\_MEI18162\\cloudscraper\\user_agent\\browsers.json'
[Errno 2] No such file or directory: 'C:\\Users\\ADMINI~1\\AppData\\Local\\Temp\\1\\_MEI18162\\cloudscraper\\user_agent\\browsers.json'
[Errno 2] No such file or directory: 'C:\\Users\\ADMINI~1\\AppData\\Local\\Temp\\1\\_MEI18162\\cloudscraper\\user_agent\\browsers.json'
[Errno 2] No such file or directory: 'C:\\Users\\ADMINI~1\\AppData\\Local\\Temp\\1\\_MEI18162\\cloudscraper\\user_agent\\browsers.json'
[Errno 2] No such file or directory: 'C:\\Users\\ADMINI~1\\AppData\\Local\\Temp\\1\\_MEI18162\\cloudscraper\\user_agent\\browsers.json'
[Errno 2] No such file or directory: 'C:\\Users\\ADMINI~1\\AppData\\Local\\Temp\\1\\_MEI18162\\cloudscraper\\user_agent\\browsers.json'
[Errno 2] No such file or directory: 'C:\\Users\\ADMINI~1\\AppData\\Local\\Temp\\1\\_MEI18162\\cloudscraper\\user_agent\\browsers.json'
[Errno 2] No such file or directory: 'C:\\Users\\ADMINI~1\\AppData\\Local\\Temp\\1\\_MEI18162\\cloudscraper\\user_agent\\browsers.json'
[Errno 2] No such file or directory: 'C:\\Users\\ADMINI~1\\AppData\\Local\\Temp\\1\\_MEI18162\\cloudscraper\\user_agent\\browsers.json'
[Errno 2] No such file or directory: 'C:\\Users\\ADMINI~1\\AppData\\Local\\Temp\\1\\_MEI18162\\cloudscraper\\user_agent\\browsers.json'
[Errno 2] No such file or directory: 'C:\\Users\\ADMINI~1\\AppData\\Local\\Temp\\1\\_MEI18162\\cloudscraper\\user_agent\\browsers.json'
[Errno 2] No such file or directory: 'C:\\Users\\ADMINI~1\\AppData\\Local\\Temp\\1\\_MEI18162\\cloudscraper\\user_agent\\browsers.json'
[Errno 2] No such file or directory: 'C:\\Users\\ADMINI~1\\AppData\\Local\\Temp\\1\\_MEI18162\\cloudscraper\\user_agent\\browsers.json'
[Errno 2] No such file or directory: 'C:\\Users\\ADMINI~1\\AppData\\Local\\Temp\\1\\_MEI18162\\cloudscraper\\user_agent\\browsers.json'
[Errno 2] No such file or directory: 'C:\\Users\\ADMINI~1\\AppData\\Local\\Temp\\1\\_MEI18162\\cloudscraper\\user_agent\\browsers.json'
[Errno 2] No such file or directory: 'C:\\Users\\ADMINI~1\\AppData\\Local\\Temp\\1\\_MEI18162\\cloudscraper\\user_agent\\browsers.json'
[Errno 2] No such file or directory: 'C:\\Users\\ADMINI~1\\AppData\\Local\\Temp\\1\\_MEI18162\\cloudscraper\\user_agent\\browsers.json'
[Errno 2] No such file or directory: 'C:\\Users\\ADMINI~1\\AppData\\Local\\Temp\\1\\_MEI18162\\cloudscraper\\user_agent\\browsers.json'
[Errno 2] No such file or directory: 'C:\\Users\\ADMINI~1\\AppData\\Local\\Temp\\1\\_MEI18162\\cloudscraper\\user_agent\\browsers.json'
[Errno 2] No such file or directory: 'C:\\Users\\ADMINI~1\\AppData\\Local\\Temp\\1\\_MEI18162\\cloudscraper\\user_agent\\browsers.json'
[Errno 2] No such file or directory: 'C:\\Users\\ADMINI~1\\AppData\\Local\\Temp\\1\\_MEI18162\\cloudscraper\\user_agent\\browsers.json'
[Errno 2] No such file or directory: 'C:\\Users\\ADMINI~1\\AppData\\Local\\Temp\\1\\_MEI18162\\cloudscraper\\user_agent\\browsers.json'
[Errno 2] No such file or directory: 'C:\\Users\\ADMINI~1\\AppData\\Local\\Temp\\1\\_MEI18162\\cloudscraper\\user_agent\\browsers.json'
[Errno 2] No such file or directory: 'C:\\Users\\ADMINI~1\\AppData\\Local\\Temp\\1\\_MEI18162\\cloudscraper\\user_agent\\browsers.json'
[Errno 2] No such file or directory: 'C:\\Users\\ADMINI~1\\AppData\\Local\\Temp\\1\\_MEI18162\\cloudscraper\\user_agent\\browsers.json'
[Errno 2] No such file or directory: 'C:\\Users\\ADMINI~1\\AppData\\Local\\Temp\\1\\_MEI18162\\cloudscraper\\user_agent\\browsers.json'
[Errno 2] No such file or directory: 'C:\\Users\\ADMINI~1\\AppData\\Local\\Temp\\1\\_MEI18162\\cloudscraper\\user_agent\\browsers.json'
[Errno 2] No such file or directory: 'C:\\Users\\ADMINI~1\\AppData\\Local\\Temp\\1\\_MEI18162\\cloudscraper\\user_agent\\browsers.json'
[Errno 2] No such file or directory: 'C:\\Users\\ADMINI~1\\AppData\\Local\\Temp\\1\\_MEI18162\\cloudscraper\\user_agent\\browsers.json'
[Errno 2] No such file or directory: 'C:\\Users\\ADMINI~1\\AppData\\Local\\Temp\\1\\_MEI18162\\cloudscraper\\user_agent\\browsers.json'
[Errno 2] No such file or directory: 'C:\\Users\\ADMINI~1\\AppData\\Local\\Temp\\1\\_MEI18162\\cloudscraper\\user_agent\\browsers.json'
[Errno 2] No such file or directory: 'C:\\Users\\ADMINI~1\\AppData\\Local\\Temp\\1\\_MEI18162\\cloudscraper\\user_agent\\browsers.json'
[Errno 2] No such file or directory: 'C:\\Users\\ADMINI~1\\AppData\\Local\\Temp\\1\\_MEI18162\\cloudscraper\\user_agent\\browsers.json'
[Errno 2] No such file or directory: 'C:\\Users\\ADMINI~1\\AppData\\Local\\Temp\\1\\_MEI18162\\cloudscraper\\user_agent\\browsers.json'
[Errno 2] No such file or directory: 'C:\\Users\\ADMINI~1\\AppData\\Local\\Temp\\1\\_MEI18162\\cloudscraper\\user_agent\\browsers.json'
[Errno 2] No such file or directory: 'C:\\Users\\ADMINI~1\\AppData\\Local\\Temp\\1\\_MEI18162\\cloudscraper\\user_agent\\browsers.json'
[Errno 2] No such file or directory: 'C:\\Users\\ADMINI~1\\AppData\\Local\\Temp\\1\\_MEI18162\\cloudscraper\\user_agent\\browsers.json'
[Errno 2] No such file or directory: 'C:\\Users\\ADMINI~1\\AppData\\Local\\Temp\\1\\_MEI18162\\cloudscraper\\user_agent\\browsers.json'
[Errno 2] No such file or directory: 'C:\\Users\\ADMINI~1\\AppData\\Local\\Temp\\1\\_MEI18162\\cloudscraper\\user_agent\\browsers.json'
[Errno 2] No such file or directory: 'C:\\Users\\ADMINI~1\\AppData\\Local\\Temp\\1\\_MEI18162\\cloudscraper\\user_agent\\browsers.json'
[Errno 2] No such file or directory: 'C:\\Users\\ADMINI~1\\AppData\\Local\\Temp\\1\\_MEI18162\\cloudscraper\\user_agent\\browsers.json'
[Errno 2] No such file or directory: 'C:\\Users\\ADMINI~1\\AppData\\Local\\Temp\\1\\_MEI18162\\cloudscraper\\user_agent\\browsers.json'
[Errno 2] No such file or directory: 'C:\\Users\\ADMINI~1\\AppData\\Local\\Temp\\1\\_MEI18162\\cloudscraper\\user_agent\\browsers.json'
[Errno 2] No such file or directory: 'C:\\Users\\ADMINI~1\\AppData\\Local\\Temp\\1\\_MEI18162\\cloudscraper\\user_agent\\browsers.json'
[Errno 2] No such file or directory: 'C:\\Users\\ADMINI~1\\AppData\\Local\\Temp\\1\\_MEI18162\\cloudscraper\\user_agent\\browsers.json'
[Errno 2] No such file or directory: 'C:\\Users\\ADMINI~1\\AppData\\Local\\Temp\\1\\_MEI18162\\cloudscraper\\user_agent\\browsers.json'
[Errno 2] No such file or directory: 'C:\\Users\\ADMINI~1\\AppData\\Local\\Temp\\1\\_MEI18162\\cloudscraper\\user_agent\\browsers.json'
[Errno 2] No such file or directory: 'C:\\Users\\ADMINI~1\\AppData\\Local\\Temp\\1\\_MEI18162\\cloudscraper\\user_agent\\browsers.json'
[Errno 2] No such file or directory: 'C:\\Users\\ADMINI~1\\AppData\\Local\\Temp\\1\\_MEI18162\\cloudscraper\\user_agent\\browsers.json'
[Errno 2] No such file or directory: 'C:\\Users\\ADMINI~1\\AppData\\Local\\Temp\\1\\_MEI18162\\cloudscraper\\user_agent\\browsers.json'
[Errno 2] No such file or directory: 'C:\\Users\\ADMINI~1\\AppData\\Local\\Temp\\1\\_MEI18162\\cloudscraper\\user_agent\\browsers.json'
[Errno 2] No such file or directory: 'C:\\Users\\ADMINI~1\\AppData\\Local\\Temp\\1\\_MEI18162\\cloudscraper\\user_agent\\browsers.json'
[Errno 2] No such file or directory: 'C:\\Users\\ADMINI~1\\AppData\\Local\\Temp\\1\\_MEI18162\\cloudscraper\\user_agent\\browsers.json'
[Errno 2] No such file or directory: 'C:\\Users\\ADMINI~1\\AppData\\Local\\Temp\\1\\_MEI18162\\cloudscraper\\user_agent\\browsers.json'
[Errno 2] No such file or directory: 'C:\\Users\\ADMINI~1\\AppData\\Local\\Temp\\1\\_MEI18162\\cloudscraper\\user_agent\\browsers.json'
[Errno 2] No such file or directory: 'C:\\Users\\ADMINI~1\\AppData\\Local\\Temp\\1\\_MEI18162\\cloudscraper\\user_agent\\browsers.json'
[Errno 2] No such file or directory: 'C:\\Users\\ADMINI~1\\AppData\\Local\\Temp\\1\\_MEI18162\\cloudscraper\\user_agent\\browsers.json'
[Errno 2] No such file or directory: 'C:\\Users\\ADMINI~1\\AppData\\Local\\Temp\\1\\_MEI18162\\cloudscraper\\user_agent\\browsers.json'
[Errno 2] No such file or directory: 'C:\\Users\\ADMINI~1\\AppData\\Local\\Temp\\1\\_MEI18162\\cloudscraper\\user_agent\\browsers.json'
[Errno 2] No such file or directory: 'C:\\Users\\ADMINI~1\\AppData\\Local\\Temp\\1\\_MEI18162\\cloudscraper\\user_agent\\browsers.json'
[Errno 2] No such file or directory: 'C:\\Users\\ADMINI~1\\AppData\\Local\\Temp\\1\\_MEI18162\\cloudscraper\\user_agent\\browsers.json'
[Errno 2] No such file or directory: 'C:\\Users\\ADMINI~1\\AppData\\Local\\Temp\\1\\_MEI18162\\cloudscraper\\user_agent\\browsers.json'
[Errno 2] No such file or directory: 'C:\\Users\\ADMINI~1\\AppData\\Local\\Temp\\1\\_MEI18162\\cloudscraper\\user_agent\\browsers.json'
[Errno 2] No such file or directory: 'C:\\Users\\ADMINI~1\\AppData\\Local\\Temp\\1\\_MEI18162\\cloudscraper\\user_agent\\browsers.json'
[Errno 2] No such file or directory: 'C:\\Users\\ADMINI~1\\AppData\\Local\\Temp\\1\\_MEI18162\\cloudscraper\\user_agent\\browsers.json'
[Errno 2] No such file or directory: 'C:\\Users\\ADMINI~1\\AppData\\Local\\Temp\\1\\_MEI18162\\cloudscraper\\user_agent\\browsers.json'
[Errno 2] No such file or directory: 'C:\\Users\\ADMINI~1\\AppData\\Local\\Temp\\1\\_MEI18162\\cloudscraper\\user_agent\\browsers.json'
[Errno 2] No such file or directory: 'C:\\Users\\ADMINI~1\\AppData\\Local\\Temp\\1\\_MEI18162\\cloudscraper\\user_agent\\browsers.json'
[Errno 2] No such file or directory: 'C:\\Users\\ADMINI~1\\AppData\\Local\\Temp\\1\\_MEI18162\\cloudscraper\\user_agent\\browsers.json'
[Errno 2] No such file or directory: 'C:\\Users\\ADMINI~1\\AppData\\Local\\Temp\\1\\_MEI18162\\cloudscraper\\user_agent\\browsers.json'
[Errno 2] No such file or directory: 'C:\\Users\\ADMINI~1\\AppData\\Local\\Temp\\1\\_MEI18162\\cloudscraper\\user_agent\\browsers.json'
[Errno 2] No such file or directory: 'C:\\Users\\ADMINI~1\\AppData\\Local\\Temp\\1\\_MEI18162\\cloudscraper\\user_agent\\browsers.json'
[Errno 2] No such file or directory: 'C:\\Users\\ADMINI~1\\AppData\\Local\\Temp\\1\\_MEI18162\\cloudscraper\\user_agent\\browsers.json'
[Errno 2] No such file or directory: 'C:\\Users\\ADMINI~1\\AppData\\Local\\Temp\\1\\_MEI18162\\cloudscraper\\user_agent\\browsers.json'
[Errno 2] No such file or directory: 'C:\\Users\\ADMINI~1\\AppData\\Local\\Temp\\1\\_MEI18162\\cloudscraper\\user_agent\\browsers.json'
[Errno 2] No such file or directory: 'C:\\Users\\ADMINI~1\\AppData\\Local\\Temp\\1\\_MEI18162\\cloudscraper\\user_agent\\browsers.json'
[Errno 2] No such file or directory: 'C:\\Users\\ADMINI~1\\AppData\\Local\\Temp\\1\\_MEI18162\\cloudscraper\\user_agent\\browsers.json'
[Errno 2] No such file or directory: 'C:\\Users\\ADMINI~1\\AppData\\Local\\Temp\\1\\_MEI18162\\cloudscraper\\user_agent\\browsers.json'
[Errno 2] No such file or directory: 'C:\\Users\\ADMINI~1\\AppData\\Local\\Temp\\1\\_MEI18162\\cloudscraper\\user_agent\\browsers.json'
[Errno 2] No such file or directory: 'C:\\Users\\ADMINI~1\\AppData\\Local\\Temp\\1\\_MEI18162\\cloudscraper\\user_agent\\browsers.json'
[Errno 2] No such file or directory: 'C:\\Users\\ADMINI~1\\AppData\\Local\\Temp\\1\\_MEI18162\\cloudscraper\\user_agent\\browsers.json'
[Errno 2] No such file or directory: 'C:\\Users\\ADMINI~1\\AppData\\Local\\Temp\\1\\_MEI18162\\cloudscraper\\user_agent\\browsers.json'
[Errno 2] No such file or directory: 'C:\\Users\\ADMINI~1\\AppData\\Local\\Temp\\1\\_MEI18162\\cloudscraper\\user_agent\\browsers.json'
[Errno 2] No such file or directory: 'C:\\Users\\ADMINI~1\\AppData\\Local\\Temp\\1\\_MEI18162\\cloudscraper\\user_agent\\browsers.json'
[Errno 2] No such file or directory: 'C:\\Users\\ADMINI~1\\AppData\\Local\\Temp\\1\\_MEI18162\\cloudscraper\\user_agent\\browsers.json'
[Errno 2] No such file or directory: 'C:\\Users\\ADMINI~1\\AppData\\Local\\Temp\\1\\_MEI18162\\cloudscraper\\user_agent\\browsers.json'
[Errno 2] No such file or directory: 'C:\\Users\\ADMINI~1\\AppData\\Local\\Temp\\1\\_MEI18162\\cloudscraper\\user_agent\\browsers.json'
[Errno 2] No such file or directory: 'C:\\Users\\ADMINI~1\\AppData\\Local\\Temp\\1\\_MEI18162\\cloudscraper\\user_agent\\browsers.json'
[Errno 2] No such file or directory: 'C:\\Users\\ADMINI~1\\AppData\\Local\\Temp\\1\\_MEI18162\\cloudscraper\\user_agent\\browsers.json'
[Errno 2] No such file or directory: 'C:\\Users\\ADMINI~1\\AppData\\Local\\Temp\\1\\_MEI18162\\cloudscraper\\user_agent\\browsers.json'
[Errno 2] No such file or directory: 'C:\\Users\\ADMINI~1\\AppData\\Local\\Temp\\1\\_MEI18162\\cloudscraper\\user_agent\\browsers.json'
[Errno 2] No such file or directory: 'C:\\Users\\ADMINI~1\\AppData\\Local\\Temp\\1\\_MEI18162\\cloudscraper\\user_agent\\browsers.json'
[Errno 2] No such file or directory: 'C:\\Users\\ADMINI~1\\AppData\\Local\\Temp\\1\\_MEI18162\\cloudscraper\\user_agent\\browsers.json'
[Errno 2] No such file or directory: 'C:\\Users\\ADMINI~1\\AppData\\Local\\Temp\\1\\_MEI18162\\cloudscraper\\user_agent\\browsers.json'
[Errno 2] No such file or directory: 'C:\\Users\\ADMINI~1\\AppData\\Local\\Temp\\1\\_MEI18162\\cloudscraper\\user_agent\\browsers.json'
[Errno 2] No such file or directory: 'C:\\Users\\ADMINI~1\\AppData\\Local\\Temp\\1\\_MEI18162\\cloudscraper\\user_agent\\browsers.json'
[Errno 2] No such file or directory: 'C:\\Users\\ADMINI~1\\AppData\\Local\\Temp\\1\\_MEI18162\\cloudscraper\\user_agent\\browsers.json'
[Errno 2] No such file or directory: 'C:\\Users\\ADMINI~1\\AppData\\Local\\Temp\\1\\_MEI18162\\cloudscraper\\user_agent\\browsers.json'
[Errno 2] No such file or directory: 'C:\\Users\\ADMINI~1\\AppData\\Local\\Temp\\1\\_MEI18162\\cloudscraper\\user_agent\\browsers.json'
[Errno 2] No such file or directory: 'C:\\Users\\ADMINI~1\\AppData\\Local\\Temp\\1\\_MEI18162\\cloudscraper\\user_agent\\browsers.json'
[Errno 2] No such file or directory: 'C:\\Users\\ADMINI~1\\AppData\\Local\\Temp\\1\\_MEI18162\\cloudscraper\\user_agent\\browsers.json'
[Errno 2] No such file or directory: 'C:\\Users\\ADMINI~1\\AppData\\Local\\Temp\\1\\_MEI18162\\cloudscraper\\user_agent\\browsers.json'
[Errno 2] No such file or directory: 'C:\\Users\\ADMINI~1\\AppData\\Local\\Temp\\1\\_MEI18162\\cloudscraper\\user_agent\\browsers.json'
[Errno 2] No such file or directory: 'C:\\Users\\ADMINI~1\\AppData\\Local\\Temp\\1\\_MEI18162\\cloudscraper\\user_agent\\browsers.json'
[Errno 2] No such file or directory: 'C:\\Users\\ADMINI~1\\AppData\\Local\\Temp\\1\\_MEI18162\\cloudscraper\\user_agent\\browsers.json'
[Errno 2] No such file or directory: 'C:\\Users\\ADMINI~1\\AppData\\Local\\Temp\\1\\_MEI18162\\cloudscraper\\user_agent\\browsers.json'
[Errno 2] No such file or directory: 'C:\\Users\\ADMINI~1\\AppData\\Local\\Temp\\1\\_MEI18162\\cloudscraper\\user_agent\\browsers.json'
[Errno 2] No such file or directory: 'C:\\Users\\ADMINI~1\\AppData\\Local\\Temp\\1\\_MEI18162\\cloudscraper\\user_agent\\browsers.json'
[Errno 2] No such file or directory: 'C:\\Users\\ADMINI~1\\AppData\\Local\\Temp\\1\\_MEI18162\\cloudscraper\\user_agent\\browsers.json'
[Errno 2] No such file or directory: 'C:\\Users\\ADMINI~1\\AppData\\Local\\Temp\\1\\_MEI18162\\cloudscraper\\user_agent\\browsers.json'
[Errno 2] No such file or directory: 'C:\\Users\\ADMINI~1\\AppData\\Local\\Temp\\1\\_MEI18162\\cloudscraper\\user_agent\\browsers.json'
[Errno 2] No such file or directory: 'C:\\Users\\ADMINI~1\\AppData\\Local\\Temp\\1\\_MEI18162\\cloudscraper\\user_agent\\browsers.json'
[Errno 2] No such file or directory: 'C:\\Users\\ADMINI~1\\AppData\\Local\\Temp\\1\\_MEI18162\\cloudscraper\\user_agent\\browsers.json'
[Errno 2] No such file or directory: 'C:\\Users\\ADMINI~1\\AppData\\Local\\Temp\\1\\_MEI18162\\cloudscraper\\user_agent\\browsers.json'
[Errno 2] No such file or directory: 'C:\\Users\\ADMINI~1\\AppData\\Local\\Temp\\1\\_MEI18162\\cloudscraper\\user_agent\\browsers.json'
[Errno 2] No such file or directory: 'C:\\Users\\ADMINI~1\\AppData\\Local\\Temp\\1\\_MEI18162\\cloudscraper\\user_agent\\browsers.json'
[Errno 2] No such file or directory: 'C:\\Users\\ADMINI~1\\AppData\\Local\\Temp\\1\\_MEI18162\\cloudscraper\\user_agent\\browsers.json'
